# JRE version: Java(TM) SE Runtime Environment 18.9 (11.0.16.1+1) (build 11.0.16.1+1-LTS-1)
# Java VM: Java HotSpot(TM) 64-Bit Server VM 18.9 (11.0.16.1+1-LTS-1, mixed mode, tiered, compressed oops, g1 gc, windows-amd64)
Heap:
 garbage-first heap   total 253952K, used 34445K [0x0000000080000000, 0x0000000100000000)
  region size 1024K, 2 young (2048K), 2 survivors (2048K)
 Metaspace       used 47247K, capacity 48510K, committed 48560K, reserved 559104K
  class space    used 6096K, capacity 6608K, committed 6656K, reserved 516096K
GC Heap History (10 events):
Event: 1698.831 GC heap after
{Heap after GC invocations=39 (full 0):
 garbage-first heap   total 210944K, used 33006K [0x0000000080000000, 0x0000000100000000)
  region size 1024K, 1 young (1024K), 1 survivors (1024K)
 Metaspace       used 44994K, capacity 46202K, committed 46384K, reserved 557056K
  class space    used 5724K, capacity 6204K, committed 6272K, reserved 516096K
}
Event: 1734.431 GC heap before
{Heap before GC invocations=39 (full 0):
 garbage-first heap   total 210944K, used 43246K [0x0000000080000000, 0x0000000100000000)
  region size 1024K, 11 young (11264K), 1 survivors (1024K)
 Metaspace       used 45682K, capacity 46902K, committed 47024K, reserved 557056K
  class space    used 5844K, capacity 6353K, committed 6400K, reserved 516096K
}
Event: 1734.907 GC heap after
{Heap after GC invocations=40 (full 0):
 garbage-first heap   total 210944K, used 33221K [0x0000000080000000, 0x0000000100000000)
  region size 1024K, 2 young (2048K), 2 survivors (2048K)
 Metaspace       used 45682K, capacity 46902K, committed 47024K, reserved 557056K
  class space    used 5844K, capacity 6353K, committed 6400K, reserved 516096K
}
Event: 1857.623 GC heap before
{Heap before GC invocations=40 (full 0):
 garbage-first heap   total 210944K, used 41413K [0x0000000080000000, 0x0000000100000000)
  region size 1024K, 11 young (11264K), 2 survivors (2048K)
 Metaspace       used 45851K, capacity 47055K, committed 47280K, reserved 557056K
  class space    used 5866K, capacity 6361K, committed 6400K, reserved 516096K
}
Event: 1862.224 GC heap after
{Heap after GC invocations=41 (full 0):
 garbage-first heap   total 210944K, used 33385K [0x0000000080000000, 0x0000000100000000)
  region size 1024K, 2 young (2048K), 2 survivors (2048K)
 Metaspace       used 45851K, capacity 47055K, committed 47280K, reserved 557056K
  class space    used 5866K, capacity 6361K, committed 6400K, reserved 516096K
}
Event: 1907.498 GC heap before
{Heap before GC invocations=41 (full 0):
 garbage-first heap   total 210944K, used 41577K [0x0000000080000000, 0x0000000100000000)
  region size 1024K, 10 young (10240K), 2 survivors (2048K)
 Metaspace       used 46259K, capacity 47468K, committed 47664K, reserved 559104K
  class space    used 5928K, capacity 6434K, committed 6528K, reserved 516096K
}
Event: 1907.944 GC heap after
{Heap after GC invocations=42 (full 0):
 garbage-first heap   total 210944K, used 33593K [0x0000000080000000, 0x0000000100000000)
  region size 1024K, 2 young (2048K), 2 survivors (2048K)
 Metaspace       used 46259K, capacity 47468K, committed 47664K, reserved 559104K
  class space    used 5928K, capacity 6434K, committed 6528K, reserved 516096K
}
Event: 1993.628 GC heap before
{Heap before GC invocations=42 (full 0):
 garbage-first heap   total 210944K, used 41785K [0x0000000080000000, 0x0000000100000000)
  region size 1024K, 10 young (10240K), 2 survivors (2048K)
 Metaspace       used 46658K, capacity 47890K, committed 47920K, reserved 559104K
  class space    used 5994K, capacity 6508K, committed 6528K, reserved 516096K
}
Event: 1994.020 GC heap after
{Heap after GC invocations=43 (full 0):
 garbage-first heap   total 210944K, used 34227K [0x0000000080000000, 0x0000000100000000)
  region size 1024K, 2 young (2048K), 2 survivors (2048K)
 Metaspace       used 46658K, capacity 47890K, committed 47920K, reserved 559104K
  class space    used 5994K, capacity 6508K, committed 6528K, reserved 516096K
}
Event: 2022.422 GC heap before
{Heap before GC invocations=43 (full 0):
 garbage-first heap   total 210944K, used 41395K [0x0000000080000000, 0x0000000100000000)
  region size 1024K, 10 young (10240K), 2 survivors (2048K)
 Metaspace       used 47247K, capacity 48510K, committed 48560K, reserved 559104K
  class space    used 6096K, capacity 6608K, committed 6656K, reserved 516096K
}

