# JRE version: OpenJDK Runtime Environment (11.0.2+9) (build 11.0.2+9)
# Java VM: OpenJDK 64-Bit Server VM (11.0.2+9, mixed mode, tiered, compressed oops, g1 gc, windows-amd64)
Heap:
 garbage-first heap   total 419840K, used 296865K [0x0000000080000000, 0x0000000100000000)
  region size 1024K, 9 young (9216K), 4 survivors (4096K)
 Metaspace       used 125186K, capacity 131745K, committed 131920K, reserved 630784K
  class space    used 16441K, capacity 18798K, committed 18920K, reserved 516096K
GC Heap History (10 events):
Event: 491.408 GC heap before
{Heap before GC invocations=150 (full 0):
 garbage-first heap   total 419840K, used 306656K [0x0000000080000000, 0x0000000100000000)
  region size 1024K, 23 young (23552K), 2 survivors (2048K)
 Metaspace       used 121820K, capacity 128229K, committed 128464K, reserved 626688K
  class space    used 15996K, capacity 18275K, committed 18280K, reserved 516096K
}
Event: 491.425 GC heap after
{Heap after GC invocations=151 (full 0):
 garbage-first heap   total 419840K, used 282389K [0x0000000080000000, 0x0000000100000000)
  region size 1024K, 3 young (3072K), 3 survivors (3072K)
 Metaspace       used 121820K, capacity 128229K, committed 128464K, reserved 626688K
  class space    used 15996K, capacity 18275K, committed 18280K, reserved 516096K
}
Event: 493.198 GC heap before
{Heap before GC invocations=151 (full 0):
 garbage-first heap   total 419840K, used 311061K [0x0000000080000000, 0x0000000100000000)
  region size 1024K, 28 young (28672K), 3 survivors (3072K)
 Metaspace       used 121923K, capacity 128385K, committed 128592K, reserved 626688K
  class space    used 16009K, capacity 18296K, committed 18408K, reserved 516096K
}
Event: 493.219 GC heap after
{Heap after GC invocations=152 (full 0):
 garbage-first heap   total 419840K, used 284695K [0x0000000080000000, 0x0000000100000000)
  region size 1024K, 4 young (4096K), 4 survivors (4096K)
 Metaspace       used 121923K, capacity 128385K, committed 128592K, reserved 626688K
  class space    used 16009K, capacity 18296K, committed 18408K, reserved 516096K
}
Event: 494.801 GC heap before
{Heap before GC invocations=152 (full 0):
 garbage-first heap   total 419840K, used 312343K [0x0000000080000000, 0x0000000100000000)
  region size 1024K, 32 young (32768K), 4 survivors (4096K)
 Metaspace       used 121989K, capacity 128469K, committed 128592K, reserved 626688K
  class space    used 16012K, capacity 18299K, committed 18408K, reserved 516096K
}
Event: 494.825 GC heap after
{Heap after GC invocations=153 (full 0):
 garbage-first heap   total 419840K, used 286662K [0x0000000080000000, 0x0000000100000000)
  region size 1024K, 2 young (2048K), 2 survivors (2048K)
 Metaspace       used 121989K, capacity 128469K, committed 128592K, reserved 626688K
  class space    used 16012K, capacity 18299K, committed 18408K, reserved 516096K
}
Event: 498.784 GC heap before
{Heap before GC invocations=153 (full 0):
 garbage-first heap   total 419840K, used 322502K [0x0000000080000000, 0x0000000100000000)
  region size 1024K, 38 young (38912K), 2 survivors (2048K)
 Metaspace       used 123165K, capacity 129624K, committed 129744K, reserved 628736K
  class space    used 16162K, capacity 18488K, committed 18536K, reserved 516096K
}
Event: 498.805 GC heap after
{Heap after GC invocations=154 (full 0):
 garbage-first heap   total 419840K, used 289945K [0x0000000080000000, 0x0000000100000000)
  region size 1024K, 5 young (5120K), 5 survivors (5120K)
 Metaspace       used 123165K, capacity 129624K, committed 129744K, reserved 628736K
  class space    used 16162K, capacity 18488K, committed 18536K, reserved 516096K
}
Event: 503.033 GC heap before
{Heap before GC invocations=154 (full 0):
 garbage-first heap   total 419840K, used 331929K [0x0000000080000000, 0x0000000100000000)
  region size 1024K, 47 young (48128K), 5 survivors (5120K)
 Metaspace       used 124936K, capacity 131539K, committed 131792K, reserved 630784K
  class space    used 16419K, capacity 18785K, committed 18792K, reserved 516096K
}
Event: 503.087 GC heap after
{Heap after GC invocations=155 (full 0):
 garbage-first heap   total 419840K, used 293793K [0x0000000080000000, 0x0000000100000000)
  region size 1024K, 4 young (4096K), 4 survivors (4096K)
 Metaspace       used 124936K, capacity 131539K, committed 131792K, reserved 630784K
  class space    used 16419K, capacity 18785K, committed 18792K, reserved 516096K
}

