# JRE version: Java(TM) SE Runtime Environment 18.9 (11.0.16.1+1) (build 11.0.16.1+1-LTS-1)
# Java VM: Java HotSpot(TM) 64-Bit Server VM 18.9 (11.0.16.1+1-LTS-1, mixed mode, tiered, compressed oops, g1 gc, windows-amd64)
Heap:
 garbage-first heap   total 155648K, used 20001K [0x0000000080000000, 0x0000000100000000)
  region size 1024K, 3 young (3072K), 1 survivors (1024K)
 Metaspace       used 22115K, capacity 22560K, committed 22832K, reserved 536576K
  class space    used 2712K, capacity 2889K, committed 2944K, reserved 516096K
GC Heap History (10 events):
Event: 1555.448 GC heap before
{Heap before GC invocations=13 (full 0):
 garbage-first heap   total 155648K, used 24292K [0x0000000080000000, 0x0000000100000000)
  region size 1024K, 7 young (7168K), 1 survivors (1024K)
 Metaspace       used 20127K, capacity 20538K, committed 20864K, reserved 534528K
  class space    used 2394K, capacity 2577K, committed 2688K, reserved 516096K
}
Event: 1555.475 GC heap after
{Heap after GC invocations=14 (full 0):
 garbage-first heap   total 155648K, used 18361K [0x0000000080000000, 0x0000000100000000)
  region size 1024K, 1 young (1024K), 1 survivors (1024K)
 Metaspace       used 20127K, capacity 20538K, committed 20864K, reserved 534528K
  class space    used 2394K, capacity 2577K, committed 2688K, reserved 516096K
}
Event: 1559.777 GC heap before
{Heap before GC invocations=14 (full 0):
 garbage-first heap   total 155648K, used 24505K [0x0000000080000000, 0x0000000100000000)
  region size 1024K, 7 young (7168K), 1 survivors (1024K)
 Metaspace       used 20428K, capacity 20922K, committed 21120K, reserved 534528K
  class space    used 2452K, capacity 2641K, committed 2688K, reserved 516096K
}
Event: 1559.833 GC heap after
{Heap after GC invocations=15 (full 0):
 garbage-first heap   total 155648K, used 18570K [0x0000000080000000, 0x0000000100000000)
  region size 1024K, 1 young (1024K), 1 survivors (1024K)
 Metaspace       used 20428K, capacity 20922K, committed 21120K, reserved 534528K
  class space    used 2452K, capacity 2641K, committed 2688K, reserved 516096K
}
Event: 1569.965 GC heap before
{Heap before GC invocations=15 (full 0):
 garbage-first heap   total 155648K, used 20618K [0x0000000080000000, 0x0000000100000000)
  region size 1024K, 4 young (4096K), 1 survivors (1024K)
 Metaspace       used 20810K, capacity 21241K, committed 21296K, reserved 536576K
  class space    used 2502K, capacity 2685K, committed 2688K, reserved 516096K
}
Event: 1569.975 GC heap after
{Heap after GC invocations=16 (full 0):
 garbage-first heap   total 155648K, used 18624K [0x0000000080000000, 0x0000000100000000)
  region size 1024K, 1 young (1024K), 1 survivors (1024K)
 Metaspace       used 20810K, capacity 21241K, committed 21296K, reserved 536576K
  class space    used 2502K, capacity 2685K, committed 2688K, reserved 516096K
}
Event: 1578.151 GC heap before
{Heap before GC invocations=17 (full 0):
 garbage-first heap   total 155648K, used 24768K [0x0000000080000000, 0x0000000100000000)
  region size 1024K, 7 young (7168K), 1 survivors (1024K)
 Metaspace       used 21658K, capacity 22071K, committed 22192K, reserved 536576K
  class space    used 2634K, capacity 2791K, committed 2816K, reserved 516096K
}
Event: 1578.237 GC heap after
{Heap after GC invocations=18 (full 0):
 garbage-first heap   total 155648K, used 18835K [0x0000000080000000, 0x0000000100000000)
  region size 1024K, 1 young (1024K), 1 survivors (1024K)
 Metaspace       used 21658K, capacity 22071K, committed 22192K, reserved 536576K
  class space    used 2634K, capacity 2791K, committed 2816K, reserved 516096K
}
Event: 1583.056 GC heap before
{Heap before GC invocations=18 (full 0):
 garbage-first heap   total 155648K, used 24979K [0x0000000080000000, 0x0000000100000000)
  region size 1024K, 7 young (7168K), 1 survivors (1024K)
 Metaspace       used 21941K, capacity 22327K, committed 22576K, reserved 536576K
  class space    used 2685K, capacity 2855K, committed 2944K, reserved 516096K
}
Event: 1583.109 GC heap after
{Heap after GC invocations=19 (full 0):
 garbage-first heap   total 155648K, used 18977K [0x0000000080000000, 0x0000000100000000)
  region size 1024K, 1 young (1024K), 1 survivors (1024K)
 Metaspace       used 21941K, capacity 22327K, committed 22576K, reserved 536576K
  class space    used 2685K, capacity 2855K, committed 2944K, reserved 516096K
}

