# JRE version: Java(TM) SE Runtime Environment 18.9 (11.0.16.1+1) (build 11.0.16.1+1-LTS-1)
# Java VM: Java HotSpot(TM) 64-Bit Server VM 18.9 (11.0.16.1+1-LTS-1, mixed mode, tiered, compressed oops, g1 gc, windows-amd64)
Heap:
 garbage-first heap   total 129024K, used 21925K [0x0000000080000000, 0x0000000100000000)
  region size 1024K, 6 young (6144K), 1 survivors (1024K)
 Metaspace       used 19555K, capacity 19929K, committed 20224K, reserved 534528K
  class space    used 2300K, capacity 2457K, committed 2560K, reserved 516096K
GC Heap History (10 events):
Event: 330.382 GC heap before
{Heap before GC invocations=1 (full 0):
 garbage-first heap   total 129024K, used 82709K [0x0000000080000000, 0x0000000100000000)
  region size 1024K, 75 young (76800K), 2 survivors (2048K)
 Metaspace       used 16080K, capacity 16414K, committed 16640K, reserved 532480K
  class space    used 1825K, capacity 1940K, committed 2048K, reserved 516096K
}
Event: 331.623 GC heap after
{Heap after GC invocations=2 (full 0):
 garbage-first heap   total 129024K, used 16952K [0x0000000080000000, 0x0000000100000000)
  region size 1024K, 10 young (10240K), 10 survivors (10240K)
 Metaspace       used 16080K, capacity 16414K, committed 16640K, reserved 532480K
  class space    used 1825K, capacity 1940K, committed 2048K, reserved 516096K
}
Event: 363.598 GC heap before
{Heap before GC invocations=2 (full 0):
 garbage-first heap   total 129024K, used 17976K [0x0000000080000000, 0x0000000100000000)
  region size 1024K, 11 young (11264K), 10 survivors (10240K)
 Metaspace       used 16157K, capacity 16478K, committed 16640K, reserved 532480K
  class space    used 1833K, capacity 1940K, committed 2048K, reserved 516096K
}
Event: 363.897 GC heap after
{Heap after GC invocations=3 (full 0):
 garbage-first heap   total 129024K, used 17678K [0x0000000080000000, 0x0000000100000000)
  region size 1024K, 1 young (1024K), 1 survivors (1024K)
 Metaspace       used 16157K, capacity 16478K, committed 16640K, reserved 532480K
  class space    used 1833K, capacity 1940K, committed 2048K, reserved 516096K
}
Event: 419.199 GC heap before
{Heap before GC invocations=3 (full 0):
 garbage-first heap   total 129024K, used 21774K [0x0000000080000000, 0x0000000100000000)
  region size 1024K, 6 young (6144K), 1 survivors (1024K)
 Metaspace       used 17222K, capacity 17550K, committed 17792K, reserved 532480K
  class space    used 1968K, capacity 2106K, committed 2176K, reserved 516096K
}
Event: 419.274 GC heap after
{Heap after GC invocations=4 (full 0):
 garbage-first heap   total 129024K, used 17426K [0x0000000080000000, 0x0000000100000000)
  region size 1024K, 1 young (1024K), 1 survivors (1024K)
 Metaspace       used 17222K, capacity 17550K, committed 17792K, reserved 532480K
  class space    used 1968K, capacity 2106K, committed 2176K, reserved 516096K
}
Event: 467.018 GC heap before
{Heap before GC invocations=4 (full 0):
 garbage-first heap   total 129024K, used 21522K [0x0000000080000000, 0x0000000100000000)
  region size 1024K, 6 young (6144K), 1 survivors (1024K)
 Metaspace       used 17898K, capacity 18310K, committed 18432K, reserved 532480K
  class space    used 2066K, capacity 2211K, committed 2304K, reserved 516096K
}
Event: 467.073 GC heap after
{Heap after GC invocations=5 (full 0):
 garbage-first heap   total 129024K, used 17632K [0x0000000080000000, 0x0000000100000000)
  region size 1024K, 1 young (1024K), 1 survivors (1024K)
 Metaspace       used 17898K, capacity 18310K, committed 18432K, reserved 532480K
  class space    used 2066K, capacity 2211K, committed 2304K, reserved 516096K
}
Event: 498.572 GC heap before
{Heap before GC invocations=5 (full 0):
 garbage-first heap   total 129024K, used 22752K [0x0000000080000000, 0x0000000100000000)
  region size 1024K, 7 young (7168K), 1 survivors (1024K)
 Metaspace       used 18827K, capacity 19190K, committed 19328K, reserved 534528K
  class space    used 2189K, capacity 2312K, committed 2432K, reserved 516096K
}
Event: 499.150 GC heap after
{Heap after GC invocations=6 (full 0):
 garbage-first heap   total 129024K, used 17829K [0x0000000080000000, 0x0000000100000000)
  region size 1024K, 1 young (1024K), 1 survivors (1024K)
 Metaspace       used 18827K, capacity 19190K, committed 19328K, reserved 534528K
  class space    used 2189K, capacity 2312K, committed 2432K, reserved 516096K
}

