# JRE version: Java(TM) SE Runtime Environment 18.9 (11.0.16.1+1) (build 11.0.16.1+1-LTS-1)
# Java VM: Java HotSpot(TM) 64-Bit Server VM 18.9 (11.0.16.1+1-LTS-1, mixed mode, tiered, compressed oops, g1 gc, windows-amd64)
Heap:
 garbage-first heap   total 129024K, used 21607K [0x0000000080000000, 0x0000000100000000)
  region size 1024K, 5 young (5120K), 1 survivors (1024K)
 Metaspace       used 21798K, capacity 22261K, committed 22576K, reserved 536576K
  class space    used 2655K, capacity 2855K, committed 2944K, reserved 516096K
GC Heap History (10 events):
Event: 437.871 GC heap before
{Heap before GC invocations=11 (full 0):
 garbage-first heap   total 129024K, used 22810K [0x0000000080000000, 0x0000000100000000)
  region size 1024K, 6 young (6144K), 1 survivors (1024K)
 Metaspace       used 19091K, capacity 19488K, committed 19584K, reserved 534528K
  class space    used 2226K, capacity 2348K, committed 2432K, reserved 516096K
}
Event: 437.913 GC heap after
{Heap after GC invocations=12 (full 0):
 garbage-first heap   total 129024K, used 17815K [0x0000000080000000, 0x0000000100000000)
  region size 1024K, 1 young (1024K), 1 survivors (1024K)
 Metaspace       used 19091K, capacity 19488K, committed 19584K, reserved 534528K
  class space    used 2226K, capacity 2348K, committed 2432K, reserved 516096K
}
Event: 458.247 GC heap before
{Heap before GC invocations=12 (full 0):
 garbage-first heap   total 129024K, used 23959K [0x0000000080000000, 0x0000000100000000)
  region size 1024K, 7 young (7168K), 1 survivors (1024K)
 Metaspace       used 20049K, capacity 20501K, committed 20736K, reserved 534528K
  class space    used 2377K, capacity 2544K, committed 2560K, reserved 516096K
}
Event: 458.499 GC heap after
{Heap after GC invocations=13 (full 0):
 garbage-first heap   total 129024K, used 17983K [0x0000000080000000, 0x0000000100000000)
  region size 1024K, 1 young (1024K), 1 survivors (1024K)
 Metaspace       used 20049K, capacity 20501K, committed 20736K, reserved 534528K
  class space    used 2377K, capacity 2544K, committed 2560K, reserved 516096K
}
Event: 472.144 GC heap before
{Heap before GC invocations=13 (full 0):
 garbage-first heap   total 129024K, used 25151K [0x0000000080000000, 0x0000000100000000)
  region size 1024K, 8 young (8192K), 1 survivors (1024K)
 Metaspace       used 20406K, capacity 20888K, committed 21120K, reserved 534528K
  class space    used 2443K, capacity 2609K, committed 2688K, reserved 516096K
}
Event: 472.212 GC heap after
{Heap after GC invocations=14 (full 0):
 garbage-first heap   total 129024K, used 18236K [0x0000000080000000, 0x0000000100000000)
  region size 1024K, 1 young (1024K), 1 survivors (1024K)
 Metaspace       used 20406K, capacity 20888K, committed 21120K, reserved 534528K
  class space    used 2443K, capacity 2609K, committed 2688K, reserved 516096K
}
Event: 484.259 GC heap before
{Heap before GC invocations=14 (full 0):
 garbage-first heap   total 129024K, used 20284K [0x0000000080000000, 0x0000000100000000)
  region size 1024K, 4 young (4096K), 1 survivors (1024K)
 Metaspace       used 20804K, capacity 21236K, committed 21296K, reserved 536576K
  class space    used 2499K, capacity 2684K, committed 2688K, reserved 516096K
}
Event: 485.688 GC heap after
{Heap after GC invocations=15 (full 0):
 garbage-first heap   total 129024K, used 18341K [0x0000000080000000, 0x0000000100000000)
  region size 1024K, 1 young (1024K), 1 survivors (1024K)
 Metaspace       used 20804K, capacity 21236K, committed 21296K, reserved 536576K
  class space    used 2499K, capacity 2684K, committed 2688K, reserved 516096K
}
Event: 496.295 GC heap before
{Heap before GC invocations=16 (full 0):
 garbage-first heap   total 129024K, used 22437K [0x0000000080000000, 0x0000000100000000)
  region size 1024K, 6 young (6144K), 1 survivors (1024K)
 Metaspace       used 21441K, capacity 21903K, committed 22192K, reserved 536576K
  class space    used 2595K, capacity 2757K, committed 2816K, reserved 516096K
}
Event: 496.326 GC heap after
{Heap after GC invocations=17 (full 0):
 garbage-first heap   total 129024K, used 18535K [0x0000000080000000, 0x0000000100000000)
  region size 1024K, 1 young (1024K), 1 survivors (1024K)
 Metaspace       used 21441K, capacity 21903K, committed 22192K, reserved 536576K
  class space    used 2595K, capacity 2757K, committed 2816K, reserved 516096K
}

