# JRE version: Java(TM) SE Runtime Environment (17.0.10+11) (build 17.0.10+11-LTS-240)
# Java VM: Java HotSpot(TM) 64-Bit Server VM (17.0.10+11-LTS-240, mixed mode, sharing, tiered, compressed oops, compressed class ptrs, g1 gc, windows-amd64)
GC Precious Log:
 CPUs: 4 total, 4 available
 Memory: 8067M
 Large Page Support: Disabled
 NUMA Support: Disabled
 Compressed Oops: Enabled (32-bit)
 Heap Region Size: 1M
 Heap Min Capacity: 8M
 Heap Initial Capacity: 128M
 Heap Max Capacity: 2G
 Pre-touch: Disabled
 Parallel Workers: 4
 Concurrent Workers: 1
 Concurrent Refinement Workers: 4
 Periodic GC: Disabled
Heap:
 garbage-first heap   total 245760K, used 157784K [0x0000000080000000, 0x0000000100000000)
  region size 1024K, 6 young (6144K), 2 survivors (2048K)
 Metaspace       used 85830K, committed 86976K, reserved 557056K
  class space    used 11902K, committed 12416K, reserved 425984K
GC Heap History (20 events):
Event: 1164.088 GC heap before
{Heap before GC invocations=60 (full 0):
 garbage-first heap   total 178176K, used 112770K [0x0000000080000000, 0x0000000100000000)
  region size 1024K, 8 young (8192K), 4 survivors (4096K)
 Metaspace       used 82369K, committed 83264K, reserved 557056K
  class space    used 11440K, committed 11840K, reserved 425984K
}
Event: 1164.111 GC heap after
{Heap after GC invocations=61 (full 0):
 garbage-first heap   total 178176K, used 110506K [0x0000000080000000, 0x0000000100000000)
  region size 1024K, 1 young (1024K), 1 survivors (1024K)
 Metaspace       used 82369K, committed 83264K, reserved 557056K
  class space    used 11440K, committed 11840K, reserved 425984K
}
Event: 1192.366 GC heap before
{Heap before GC invocations=61 (full 0):
 garbage-first heap   total 178176K, used 136106K [0x0000000080000000, 0x0000000100000000)
  region size 1024K, 28 young (28672K), 1 survivors (1024K)
 Metaspace       used 82552K, committed 83456K, reserved 557056K
  class space    used 11447K, committed 11840K, reserved 425984K
}
Event: 1192.389 GC heap after
{Heap after GC invocations=62 (full 0):
 garbage-first heap   total 178176K, used 111663K [0x0000000080000000, 0x0000000100000000)
  region size 1024K, 3 young (3072K), 3 survivors (3072K)
 Metaspace       used 82552K, committed 83456K, reserved 557056K
  class space    used 11447K, committed 11840K, reserved 425984K
}
Event: 1205.753 GC heap before
{Heap before GC invocations=63 (full 0):
 garbage-first heap   total 193536K, used 149551K [0x0000000080000000, 0x0000000100000000)
  region size 1024K, 33 young (33792K), 3 survivors (3072K)
 Metaspace       used 84111K, committed 85120K, reserved 557056K
  class space    used 11666K, committed 12096K, reserved 425984K
}
Event: 1205.791 GC heap after
{Heap after GC invocations=64 (full 0):
 garbage-first heap   total 193536K, used 127976K [0x0000000080000000, 0x0000000100000000)
  region size 1024K, 5 young (5120K), 5 survivors (5120K)
 Metaspace       used 84111K, committed 85120K, reserved 557056K
  class space    used 11666K, committed 12096K, reserved 425984K
}
Event: 1207.617 GC heap before
{Heap before GC invocations=64 (full 0):
 garbage-first heap   total 193536K, used 131048K [0x0000000080000000, 0x0000000100000000)
  region size 1024K, 9 young (9216K), 5 survivors (5120K)
 Metaspace       used 84444K, committed 85504K, reserved 557056K
  class space    used 11716K, committed 12160K, reserved 425984K
}
Event: 1207.643 GC heap after
{Heap after GC invocations=65 (full 0):
 garbage-first heap   total 193536K, used 128056K [0x0000000080000000, 0x0000000100000000)
  region size 1024K, 1 young (1024K), 1 survivors (1024K)
 Metaspace       used 84444K, committed 85504K, reserved 557056K
  class space    used 11716K, committed 12160K, reserved 425984K
}
Event: 1243.018 GC heap before
{Heap before GC invocations=65 (full 0):
 garbage-first heap   total 193536K, used 155704K [0x0000000080000000, 0x0000000100000000)
  region size 1024K, 29 young (29696K), 1 survivors (1024K)
 Metaspace       used 85186K, committed 86208K, reserved 557056K
  class space    used 11810K, committed 12224K, reserved 425984K
}
Event: 1243.033 GC heap after
{Heap after GC invocations=66 (full 0):
 garbage-first heap   total 193536K, used 130876K [0x0000000080000000, 0x0000000100000000)
  region size 1024K, 4 young (4096K), 4 survivors (4096K)
 Metaspace       used 85186K, committed 86208K, reserved 557056K
  class space    used 11810K, committed 12224K, reserved 425984K
}
Event: 1278.582 GC heap before
{Heap before GC invocations=67 (full 0):
 garbage-first heap   total 222208K, used 160572K [0x0000000080000000, 0x0000000100000000)
  region size 1024K, 29 young (29696K), 4 survivors (4096K)
 Metaspace       used 85399K, committed 86464K, reserved 557056K
  class space    used 11839K, committed 12288K, reserved 425984K
}
Event: 1278.660 GC heap after
{Heap after GC invocations=68 (full 0):
 garbage-first heap   total 222208K, used 142487K [0x0000000080000000, 0x0000000100000000)
  region size 1024K, 4 young (4096K), 4 survivors (4096K)
 Metaspace       used 85399K, committed 86464K, reserved 557056K
  class space    used 11839K, committed 12288K, reserved 425984K
}
Event: 1284.985 GC heap before
{Heap before GC invocations=68 (full 0):
 garbage-first heap   total 222208K, used 147607K [0x0000000080000000, 0x0000000100000000)
  region size 1024K, 10 young (10240K), 4 survivors (4096K)
 Metaspace       used 85419K, committed 86464K, reserved 557056K
  class space    used 11839K, committed 12288K, reserved 425984K
}
Event: 1285.015 GC heap after
{Heap after GC invocations=69 (full 0):
 garbage-first heap   total 222208K, used 143299K [0x0000000080000000, 0x0000000100000000)
  region size 1024K, 2 young (2048K), 2 survivors (2048K)
 Metaspace       used 85419K, committed 86464K, reserved 557056K
  class space    used 11839K, committed 12288K, reserved 425984K
}
Event: 1300.190 GC heap before
{Heap before GC invocations=69 (full 0):
 garbage-first heap   total 222208K, used 149443K [0x0000000080000000, 0x0000000100000000)
  region size 1024K, 9 young (9216K), 2 survivors (2048K)
 Metaspace       used 85462K, committed 86528K, reserved 557056K
  class space    used 11845K, committed 12288K, reserved 425984K
}
Event: 1300.204 GC heap after
{Heap after GC invocations=70 (full 0):
 garbage-first heap   total 222208K, used 143482K [0x0000000080000000, 0x0000000100000000)
  region size 1024K, 2 young (2048K), 2 survivors (2048K)
 Metaspace       used 85462K, committed 86528K, reserved 557056K
  class space    used 11845K, committed 12288K, reserved 425984K
}
Event: 1349.029 GC heap before
{Heap before GC invocations=71 (full 0):
 garbage-first heap   total 245760K, used 181370K [0x0000000080000000, 0x0000000100000000)
  region size 1024K, 37 young (37888K), 2 survivors (2048K)
 Metaspace       used 85637K, committed 86720K, reserved 557056K
  class space    used 11866K, committed 12352K, reserved 425984K
}
Event: 1349.080 GC heap after
{Heap after GC invocations=72 (full 0):
 garbage-first heap   total 245760K, used 150295K [0x0000000080000000, 0x0000000100000000)
  region size 1024K, 5 young (5120K), 5 survivors (5120K)
 Metaspace       used 85637K, committed 86720K, reserved 557056K
  class space    used 11866K, committed 12352K, reserved 425984K
}
Event: 1355.720 GC heap before
{Heap before GC invocations=72 (full 0):
 garbage-first heap   total 245760K, used 158487K [0x0000000080000000, 0x0000000100000000)
  region size 1024K, 12 young (12288K), 5 survivors (5120K)
 Metaspace       used 85640K, committed 86720K, reserved 557056K
  class space    used 11866K, committed 12352K, reserved 425984K
}
Event: 1355.797 GC heap after
{Heap after GC invocations=73 (full 0):
 garbage-first heap   total 245760K, used 154712K [0x0000000080000000, 0x0000000100000000)
  region size 1024K, 2 young (2048K), 2 survivors (2048K)
 Metaspace       used 85640K, committed 86720K, reserved 557056K
  class space    used 11866K, committed 12352K, reserved 425984K
}

