# JRE version: Java(TM) SE Runtime Environment 18.9 (11.0.16.1+1) (build 11.0.16.1+1-LTS-1)
# Java VM: Java HotSpot(TM) 64-Bit Server VM 18.9 (11.0.16.1+1-LTS-1, mixed mode, tiered, compressed oops, g1 gc, windows-amd64)
Heap:
 garbage-first heap   total 220160K, used 42660K [0x0000000080000000, 0x0000000100000000)
  region size 1024K, 1 young (1024K), 1 survivors (1024K)
 Metaspace       used 52365K, capacity 53875K, committed 53992K, reserved 571392K
  class space    used 6793K, capacity 7464K, committed 7552K, reserved 516096K
GC Heap History (10 events):
Event: 1537.360 GC heap before
{Heap before GC invocations=44 (full 0):
 garbage-first heap   total 220160K, used 42953K [0x0000000080000000, 0x0000000100000000)
  region size 1024K, 10 young (10240K), 1 survivors (1024K)
 Metaspace       used 50896K, capacity 52303K, committed 52456K, reserved 563200K
  class space    used 6620K, capacity 7215K, committed 7296K, reserved 516096K
}
Event: 1537.536 GC heap after
{Heap after GC invocations=45 (full 0):
 garbage-first heap   total 220160K, used 34063K [0x0000000080000000, 0x0000000100000000)
  region size 1024K, 2 young (2048K), 2 survivors (2048K)
 Metaspace       used 50896K, capacity 52303K, committed 52456K, reserved 563200K
  class space    used 6620K, capacity 7215K, committed 7296K, reserved 516096K
}
Event: 1563.118 GC heap before
{Heap before GC invocations=45 (full 0):
 garbage-first heap   total 220160K, used 42255K [0x0000000080000000, 0x0000000100000000)
  region size 1024K, 10 young (10240K), 2 survivors (2048K)
 Metaspace       used 51157K, capacity 52615K, committed 52840K, reserved 563200K
  class space    used 6656K, capacity 7297K, committed 7424K, reserved 516096K
}
Event: 1563.264 GC heap after
{Heap after GC invocations=46 (full 0):
 garbage-first heap   total 220160K, used 34344K [0x0000000080000000, 0x0000000100000000)
  region size 1024K, 2 young (2048K), 2 survivors (2048K)
 Metaspace       used 51157K, capacity 52615K, committed 52840K, reserved 563200K
  class space    used 6656K, capacity 7297K, committed 7424K, reserved 516096K
}
Event: 1576.457 GC heap before
{Heap before GC invocations=46 (full 0):
 garbage-first heap   total 220160K, used 48680K [0x0000000080000000, 0x0000000100000000)
  region size 1024K, 10 young (10240K), 2 survivors (2048K)
 Metaspace       used 51332K, capacity 52876K, committed 53096K, reserved 563200K
  class space    used 6674K, capacity 7340K, committed 7424K, reserved 516096K
}
Event: 1577.215 GC heap after
{Heap after GC invocations=47 (full 0):
 garbage-first heap   total 220160K, used 41981K [0x0000000080000000, 0x0000000100000000)
  region size 1024K, 2 young (2048K), 2 survivors (2048K)
 Metaspace       used 51332K, capacity 52876K, committed 53096K, reserved 563200K
  class space    used 6674K, capacity 7340K, committed 7424K, reserved 516096K
}
Event: 1659.740 GC heap before
{Heap before GC invocations=47 (full 0):
 garbage-first heap   total 220160K, used 49149K [0x0000000080000000, 0x0000000100000000)
  region size 1024K, 10 young (10240K), 2 survivors (2048K)
 Metaspace       used 51952K, capacity 53474K, committed 53608K, reserved 563200K
  class space    used 6740K, capacity 7393K, committed 7424K, reserved 516096K
}
Event: 1659.798 GC heap after
{Heap after GC invocations=48 (full 0):
 garbage-first heap   total 220160K, used 42654K [0x0000000080000000, 0x0000000100000000)
  region size 1024K, 1 young (1024K), 1 survivors (1024K)
 Metaspace       used 51952K, capacity 53474K, committed 53608K, reserved 563200K
  class space    used 6740K, capacity 7393K, committed 7424K, reserved 516096K
}
Event: 1691.657 GC heap before
{Heap before GC invocations=48 (full 0):
 garbage-first heap   total 220160K, used 45726K [0x0000000080000000, 0x0000000100000000)
  region size 1024K, 5 young (5120K), 1 survivors (1024K)
 Metaspace       used 52365K, capacity 53875K, committed 53992K, reserved 569344K
  class space    used 6793K, capacity 7464K, committed 7552K, reserved 516096K
}
Event: 1691.751 GC heap after
{Heap after GC invocations=49 (full 0):
 garbage-first heap   total 220160K, used 42660K [0x0000000080000000, 0x0000000100000000)
  region size 1024K, 1 young (1024K), 1 survivors (1024K)
 Metaspace       used 52365K, capacity 53875K, committed 53992K, reserved 569344K
  class space    used 6793K, capacity 7464K, committed 7552K, reserved 516096K
}

