# JRE version: Java(TM) SE Runtime Environment 18.9 (11.0.16.1+1) (build 11.0.16.1+1-LTS-1)
# Java VM: Java HotSpot(TM) 64-Bit Server VM 18.9 (11.0.16.1+1-LTS-1, mixed mode, tiered, compressed oops, g1 gc, windows-amd64)
Heap:
 garbage-first heap   total 228352K, used 31290K [0x0000000080000000, 0x0000000100000000)
  region size 1024K, 14 young (14336K), 2 survivors (2048K)
 Metaspace       used 27582K, capacity 28192K, committed 28464K, reserved 540672K
  class space    used 3588K, capacity 3844K, committed 3968K, reserved 516096K
GC Heap History (10 events):
Event: 454.268 GC heap before
{Heap before GC invocations=16 (full 0):
 garbage-first heap   total 228352K, used 28079K [0x0000000080000000, 0x0000000100000000)
  region size 1024K, 11 young (11264K), 2 survivors (2048K)
 Metaspace       used 22926K, capacity 23515K, committed 23728K, reserved 538624K
  class space    used 2839K, capacity 3043K, committed 3072K, reserved 516096K
}
Event: 454.461 GC heap after
{Heap after GC invocations=17 (full 0):
 garbage-first heap   total 228352K, used 19196K [0x0000000080000000, 0x0000000100000000)
  region size 1024K, 2 young (2048K), 2 survivors (2048K)
 Metaspace       used 22926K, capacity 23515K, committed 23728K, reserved 538624K
  class space    used 2839K, capacity 3043K, committed 3072K, reserved 516096K
}
Event: 466.921 GC heap before
{Heap before GC invocations=17 (full 0):
 garbage-first heap   total 228352K, used 27388K [0x0000000080000000, 0x0000000100000000)
  region size 1024K, 11 young (11264K), 2 survivors (2048K)
 Metaspace       used 23558K, capacity 24160K, committed 24368K, reserved 538624K
  class space    used 2948K, capacity 3173K, committed 3200K, reserved 516096K
}
Event: 467.438 GC heap after
{Heap after GC invocations=18 (full 0):
 garbage-first heap   total 228352K, used 19499K [0x0000000080000000, 0x0000000100000000)
  region size 1024K, 2 young (2048K), 2 survivors (2048K)
 Metaspace       used 23558K, capacity 24160K, committed 24368K, reserved 538624K
  class space    used 2948K, capacity 3173K, committed 3200K, reserved 516096K
}
Event: 474.457 GC heap before
{Heap before GC invocations=18 (full 0):
 garbage-first heap   total 228352K, used 28715K [0x0000000080000000, 0x0000000100000000)
  region size 1024K, 11 young (11264K), 2 survivors (2048K)
 Metaspace       used 24066K, capacity 24671K, committed 24752K, reserved 538624K
  class space    used 3042K, capacity 3279K, committed 3328K, reserved 516096K
}
Event: 474.486 GC heap after
{Heap after GC invocations=19 (full 0):
 garbage-first heap   total 228352K, used 19919K [0x0000000080000000, 0x0000000100000000)
  region size 1024K, 2 young (2048K), 2 survivors (2048K)
 Metaspace       used 24066K, capacity 24671K, committed 24752K, reserved 538624K
  class space    used 3042K, capacity 3279K, committed 3328K, reserved 516096K
}
Event: 477.617 GC heap before
{Heap before GC invocations=19 (full 0):
 garbage-first heap   total 228352K, used 29135K [0x0000000080000000, 0x0000000100000000)
  region size 1024K, 12 young (12288K), 2 survivors (2048K)
 Metaspace       used 24794K, capacity 25374K, committed 25648K, reserved 538624K
  class space    used 3157K, capacity 3386K, committed 3456K, reserved 516096K
}
Event: 477.641 GC heap after
{Heap after GC invocations=20 (full 0):
 garbage-first heap   total 228352K, used 20307K [0x0000000080000000, 0x0000000100000000)
  region size 1024K, 2 young (2048K), 2 survivors (2048K)
 Metaspace       used 24794K, capacity 25374K, committed 25648K, reserved 538624K
  class space    used 3157K, capacity 3386K, committed 3456K, reserved 516096K
}
Event: 497.387 GC heap before
{Heap before GC invocations=20 (full 0):
 garbage-first heap   total 228352K, used 34643K [0x0000000080000000, 0x0000000100000000)
  region size 1024K, 16 young (16384K), 2 survivors (2048K)
 Metaspace       used 26465K, capacity 27073K, committed 27184K, reserved 540672K
  class space    used 3435K, capacity 3700K, committed 3712K, reserved 516096K
}
Event: 497.767 GC heap after
{Heap after GC invocations=21 (full 0):
 garbage-first heap   total 228352K, used 21050K [0x0000000080000000, 0x0000000100000000)
  region size 1024K, 2 young (2048K), 2 survivors (2048K)
 Metaspace       used 26465K, capacity 27073K, committed 27184K, reserved 540672K
  class space    used 3435K, capacity 3700K, committed 3712K, reserved 516096K
}

