# JRE version: Java(TM) SE Runtime Environment 18.9 (11.0.16.1+1) (build 11.0.16.1+1-LTS-1)
# Java VM: Java HotSpot(TM) 64-Bit Server VM 18.9 (11.0.16.1+1-LTS-1, mixed mode, tiered, compressed oops, g1 gc, windows-amd64)
Heap:
 garbage-first heap   total 193536K, used 18679K [0x0000000080000000, 0x0000000100000000)
  region size 1024K, 1 young (1024K), 1 survivors (1024K)
 Metaspace       used 21049K, capacity 21504K, committed 21552K, reserved 544768K
  class space    used 2519K, capacity 2687K, committed 2688K, reserved 516096K
GC Heap History (10 events):
Event: 1557.383 GC heap before
{Heap before GC invocations=13 (full 0):
 garbage-first heap   total 193536K, used 23912K [0x0000000080000000, 0x0000000100000000)
  region size 1024K, 9 young (9216K), 2 survivors (2048K)
 Metaspace       used 18852K, capacity 19189K, committed 19328K, reserved 534528K
  class space    used 2188K, capacity 2311K, committed 2432K, reserved 516096K
}
Event: 1557.406 GC heap after
{Heap after GC invocations=14 (full 0):
 garbage-first heap   total 193536K, used 18035K [0x0000000080000000, 0x0000000100000000)
  region size 1024K, 2 young (2048K), 2 survivors (2048K)
 Metaspace       used 18852K, capacity 19189K, committed 19328K, reserved 534528K
  class space    used 2188K, capacity 2311K, committed 2432K, reserved 516096K
}
Event: 1561.482 GC heap before
{Heap before GC invocations=14 (full 0):
 garbage-first heap   total 193536K, used 25203K [0x0000000080000000, 0x0000000100000000)
  region size 1024K, 9 young (9216K), 2 survivors (2048K)
 Metaspace       used 20045K, capacity 20499K, committed 20736K, reserved 534528K
  class space    used 2364K, capacity 2542K, committed 2560K, reserved 516096K
}
Event: 1561.487 GC heap after
{Heap after GC invocations=15 (full 0):
 garbage-first heap   total 193536K, used 18178K [0x0000000080000000, 0x0000000100000000)
  region size 1024K, 2 young (2048K), 2 survivors (2048K)
 Metaspace       used 20045K, capacity 20499K, committed 20736K, reserved 534528K
  class space    used 2364K, capacity 2542K, committed 2560K, reserved 516096K
}
Event: 1567.731 GC heap before
{Heap before GC invocations=15 (full 0):
 garbage-first heap   total 193536K, used 25346K [0x0000000080000000, 0x0000000100000000)
  region size 1024K, 9 young (9216K), 2 survivors (2048K)
 Metaspace       used 20479K, capacity 20987K, committed 21120K, reserved 534528K
  class space    used 2445K, capacity 2641K, committed 2688K, reserved 516096K
}
Event: 1567.741 GC heap after
{Heap after GC invocations=16 (full 0):
 garbage-first heap   total 193536K, used 18474K [0x0000000080000000, 0x0000000100000000)
  region size 1024K, 2 young (2048K), 2 survivors (2048K)
 Metaspace       used 20479K, capacity 20987K, committed 21120K, reserved 534528K
  class space    used 2445K, capacity 2641K, committed 2688K, reserved 516096K
}
Event: 1575.470 GC heap before
{Heap before GC invocations=16 (full 0):
 garbage-first heap   total 193536K, used 20522K [0x0000000080000000, 0x0000000100000000)
  region size 1024K, 5 young (5120K), 2 survivors (2048K)
 Metaspace       used 20829K, capacity 21239K, committed 21296K, reserved 536576K
  class space    used 2493K, capacity 2684K, committed 2688K, reserved 516096K
}
Event: 1575.957 GC heap after
{Heap after GC invocations=17 (full 0):
 garbage-first heap   total 193536K, used 18635K [0x0000000080000000, 0x0000000100000000)
  region size 1024K, 1 young (1024K), 1 survivors (1024K)
 Metaspace       used 20829K, capacity 21239K, committed 21296K, reserved 536576K
  class space    used 2493K, capacity 2684K, committed 2688K, reserved 516096K
}
Event: 1584.367 GC heap before
{Heap before GC invocations=18 (full 0):
 garbage-first heap   total 193536K, used 19659K [0x0000000080000000, 0x0000000100000000)
  region size 1024K, 4 young (4096K), 1 survivors (1024K)
 Metaspace       used 21049K, capacity 21504K, committed 21552K, reserved 542720K
  class space    used 2519K, capacity 2687K, committed 2688K, reserved 516096K
}
Event: 1584.533 GC heap after
{Heap after GC invocations=19 (full 0):
 garbage-first heap   total 193536K, used 18679K [0x0000000080000000, 0x0000000100000000)
  region size 1024K, 1 young (1024K), 1 survivors (1024K)
 Metaspace       used 21049K, capacity 21504K, committed 21552K, reserved 542720K
  class space    used 2519K, capacity 2687K, committed 2688K, reserved 516096K
}

