# JRE version: Java(TM) SE Runtime Environment 18.9 (11.0.16.1+1) (build 11.0.16.1+1-LTS-1)
# Java VM: Java HotSpot(TM) 64-Bit Server VM 18.9 (11.0.16.1+1-LTS-1, mixed mode, tiered, compressed oops, g1 gc, windows-amd64)
Heap:
 garbage-first heap   total 225280K, used 63826K [0x0000000080000000, 0x0000000100000000)
  region size 1024K, 15 young (15360K), 2 survivors (2048K)
 Metaspace       used 65983K, capacity 67836K, committed 67944K, reserved 575488K
  class space    used 8659K, capacity 9464K, committed 9472K, reserved 516096K
GC Heap History (10 events):
Event: 1864.960 GC heap before
{Heap before GC invocations=70 (full 0):
 garbage-first heap   total 187392K, used 56678K [0x0000000080000000, 0x0000000100000000)
  region size 1024K, 10 young (10240K), 2 survivors (2048K)
 Metaspace       used 63229K, capacity 64933K, committed 65000K, reserved 573440K
  class space    used 8290K, capacity 9041K, committed 9088K, reserved 516096K
}
Event: 1864.964 GC heap after
{Heap after GC invocations=71 (full 0):
 garbage-first heap   total 187392K, used 49660K [0x0000000080000000, 0x0000000100000000)
  region size 1024K, 2 young (2048K), 2 survivors (2048K)
 Metaspace       used 63229K, capacity 64933K, committed 65000K, reserved 573440K
  class space    used 8290K, capacity 9041K, committed 9088K, reserved 516096K
}
Event: 1872.073 GC heap before
{Heap before GC invocations=71 (full 0):
 garbage-first heap   total 187392K, used 58876K [0x0000000080000000, 0x0000000100000000)
  region size 1024K, 12 young (12288K), 2 survivors (2048K)
 Metaspace       used 63738K, capacity 65565K, committed 65896K, reserved 573440K
  class space    used 8351K, capacity 9116K, committed 9216K, reserved 516096K
}
Event: 1872.164 GC heap after
{Heap after GC invocations=72 (full 0):
 garbage-first heap   total 225280K, used 51280K [0x0000000080000000, 0x0000000100000000)
  region size 1024K, 2 young (2048K), 2 survivors (2048K)
 Metaspace       used 63738K, capacity 65565K, committed 65896K, reserved 573440K
  class space    used 8351K, capacity 9116K, committed 9216K, reserved 516096K
}
Event: 1885.134 GC heap before
{Heap before GC invocations=72 (full 0):
 garbage-first heap   total 225280K, used 59472K [0x0000000080000000, 0x0000000100000000)
  region size 1024K, 11 young (11264K), 2 survivors (2048K)
 Metaspace       used 63949K, capacity 65790K, committed 65896K, reserved 573440K
  class space    used 8370K, capacity 9124K, committed 9216K, reserved 516096K
}
Event: 1885.142 GC heap after
{Heap after GC invocations=73 (full 0):
 garbage-first heap   total 225280K, used 50791K [0x0000000080000000, 0x0000000100000000)
  region size 1024K, 1 young (1024K), 1 survivors (1024K)
 Metaspace       used 63949K, capacity 65790K, committed 65896K, reserved 573440K
  class space    used 8370K, capacity 9124K, committed 9216K, reserved 516096K
}
Event: 2006.802 GC heap before
{Heap before GC invocations=73 (full 0):
 garbage-first heap   total 225280K, used 65127K [0x0000000080000000, 0x0000000100000000)
  region size 1024K, 15 young (15360K), 1 survivors (1024K)
 Metaspace       used 64920K, capacity 66806K, committed 67048K, reserved 575488K
  class space    used 8504K, capacity 9290K, committed 9344K, reserved 516096K
}
Event: 2007.243 GC heap after
{Heap after GC invocations=74 (full 0):
 garbage-first heap   total 225280K, used 51095K [0x0000000080000000, 0x0000000100000000)
  region size 1024K, 1 young (1024K), 1 survivors (1024K)
 Metaspace       used 64920K, capacity 66806K, committed 67048K, reserved 575488K
  class space    used 8504K, capacity 9290K, committed 9344K, reserved 516096K
}
Event: 2114.185 GC heap before
{Heap before GC invocations=74 (full 0):
 garbage-first heap   total 225280K, used 65431K [0x0000000080000000, 0x0000000100000000)
  region size 1024K, 15 young (15360K), 1 survivors (1024K)
 Metaspace       used 65940K, capacity 67731K, committed 67944K, reserved 575488K
  class space    used 8652K, capacity 9428K, committed 9472K, reserved 516096K
}
Event: 2114.540 GC heap after
{Heap after GC invocations=75 (full 0):
 garbage-first heap   total 225280K, used 51538K [0x0000000080000000, 0x0000000100000000)
  region size 1024K, 2 young (2048K), 2 survivors (2048K)
 Metaspace       used 65940K, capacity 67731K, committed 67944K, reserved 575488K
  class space    used 8652K, capacity 9428K, committed 9472K, reserved 516096K
}

