# JRE version: Java(TM) SE Runtime Environment 18.9 (11.0.16.1+1) (build 11.0.16.1+1-LTS-1)
# Java VM: Java HotSpot(TM) 64-Bit Server VM 18.9 (11.0.16.1+1-LTS-1, mixed mode, tiered, compressed oops, g1 gc, windows-amd64)
Heap:
 garbage-first heap   total 280576K, used 97913K [0x0000000080000000, 0x0000000100000000)
  region size 1024K, 2 young (2048K), 2 survivors (2048K)
 Metaspace       used 92102K, capacity 95013K, committed 95196K, reserved 598016K
  class space    used 12248K, capacity 13425K, committed 13516K, reserved 516096K
GC Heap History (10 events):
Event: 4023.562 GC heap after
{Heap after GC invocations=73 (full 0):
 garbage-first heap   total 231424K, used 93431K [0x0000000080000000, 0x0000000100000000)
  region size 1024K, 1 young (1024K), 1 survivors (1024K)
 Metaspace       used 91869K, capacity 94669K, committed 94812K, reserved 598016K
  class space    used 12227K, capacity 13340K, committed 13388K, reserved 516096K
}
Event: 4071.232 GC heap before
{Heap before GC invocations=73 (full 0):
 garbage-first heap   total 231424K, used 102647K [0x0000000080000000, 0x0000000100000000)
  region size 1024K, 11 young (11264K), 1 survivors (1024K)
 Metaspace       used 91879K, capacity 94670K, committed 94812K, reserved 598016K
  class space    used 12227K, capacity 13340K, committed 13388K, reserved 516096K
}
Event: 4071.263 GC heap after
{Heap after GC invocations=74 (full 0):
 garbage-first heap   total 231424K, used 93569K [0x0000000080000000, 0x0000000100000000)
  region size 1024K, 1 young (1024K), 1 survivors (1024K)
 Metaspace       used 91879K, capacity 94670K, committed 94812K, reserved 598016K
  class space    used 12227K, capacity 13340K, committed 13388K, reserved 516096K
}
Event: 4227.543 GC heap before
{Heap before GC invocations=74 (full 0):
 garbage-first heap   total 231424K, used 102785K [0x0000000080000000, 0x0000000100000000)
  region size 1024K, 11 young (11264K), 1 survivors (1024K)
 Metaspace       used 91943K, capacity 94798K, committed 94940K, reserved 598016K
  class space    used 12236K, capacity 13380K, committed 13516K, reserved 516096K
}
Event: 4229.150 GC heap after
{Heap after GC invocations=75 (full 0):
 garbage-first heap   total 231424K, used 95681K [0x0000000080000000, 0x0000000100000000)
  region size 1024K, 2 young (2048K), 2 survivors (2048K)
 Metaspace       used 91943K, capacity 94798K, committed 94940K, reserved 598016K
  class space    used 12236K, capacity 13380K, committed 13516K, reserved 516096K
}
Event: 4405.846 GC heap before
{Heap before GC invocations=75 (full 0):
 garbage-first heap   total 231424K, used 103873K [0x0000000080000000, 0x0000000100000000)
  region size 1024K, 11 young (11264K), 2 survivors (2048K)
 Metaspace       used 91991K, capacity 94834K, committed 95196K, reserved 598016K
  class space    used 12241K, capacity 13388K, committed 13516K, reserved 516096K
}
Event: 4408.480 GC heap after
{Heap after GC invocations=76 (full 0):
 garbage-first heap   total 231424K, used 96816K [0x0000000080000000, 0x0000000100000000)
  region size 1024K, 2 young (2048K), 2 survivors (2048K)
 Metaspace       used 91991K, capacity 94834K, committed 95196K, reserved 598016K
  class space    used 12241K, capacity 13388K, committed 13516K, reserved 516096K
}
Event: 4490.681 GC heap before
{Heap before GC invocations=76 (full 0):
 garbage-first heap   total 231424K, used 105008K [0x0000000080000000, 0x0000000100000000)
  region size 1024K, 11 young (11264K), 2 survivors (2048K)
 Metaspace       used 92068K, capacity 94943K, committed 95196K, reserved 598016K
  class space    used 12248K, capacity 13425K, committed 13516K, reserved 516096K
}
Event: 4493.215 GC heap after
{Heap after GC invocations=77 (full 0):
 garbage-first heap   total 231424K, used 97399K [0x0000000080000000, 0x0000000100000000)
  region size 1024K, 1 young (1024K), 1 survivors (1024K)
 Metaspace       used 92068K, capacity 94943K, committed 95196K, reserved 598016K
  class space    used 12248K, capacity 13425K, committed 13516K, reserved 516096K
}
Event: 4603.286 GC heap before
{Heap before GC invocations=77 (full 0):
 garbage-first heap   total 231424K, used 106615K [0x0000000080000000, 0x0000000100000000)
  region size 1024K, 11 young (11264K), 1 survivors (1024K)
 Metaspace       used 92102K, capacity 95013K, committed 95196K, reserved 598016K
  class space    used 12248K, capacity 13425K, committed 13516K, reserved 516096K
}

