# JRE version: Java(TM) SE Runtime Environment 18.9 (11.0.16.1+1) (build 11.0.16.1+1-LTS-1)
# Java VM: Java HotSpot(TM) 64-Bit Server VM 18.9 (11.0.16.1+1-LTS-1, mixed mode, tiered, compressed oops, g1 gc, windows-amd64)
Heap:
 garbage-first heap   total 129024K, used 23974K [0x0000000080000000, 0x0000000100000000)
  region size 1024K, 7 young (7168K), 3 survivors (3072K)
 Metaspace       used 27560K, capacity 28195K, committed 28464K, reserved 540672K
  class space    used 3590K, capacity 3844K, committed 3968K, reserved 516096K
GC Heap History (10 events):
Event: 405.010 GC heap before
{Heap before GC invocations=4 (full 0):
 garbage-first heap   total 129024K, used 29827K [0x0000000080000000, 0x0000000100000000)
  region size 1024K, 16 young (16384K), 3 survivors (3072K)
 Metaspace       used 20301K, capacity 20728K, committed 20864K, reserved 534528K
  class space    used 2435K, capacity 2641K, committed 2688K, reserved 516096K
}
Event: 405.034 GC heap after
{Heap after GC invocations=5 (full 0):
 garbage-first heap   total 129024K, used 18255K [0x0000000080000000, 0x0000000100000000)
  region size 1024K, 2 young (2048K), 2 survivors (2048K)
 Metaspace       used 20301K, capacity 20728K, committed 20864K, reserved 534528K
  class space    used 2435K, capacity 2641K, committed 2688K, reserved 516096K
}
Event: 409.095 GC heap before
{Heap before GC invocations=5 (full 0):
 garbage-first heap   total 129024K, used 22351K [0x0000000080000000, 0x0000000100000000)
  region size 1024K, 7 young (7168K), 2 survivors (2048K)
 Metaspace       used 20819K, capacity 21242K, committed 21296K, reserved 536576K
  class space    used 2510K, capacity 2686K, committed 2688K, reserved 516096K
}
Event: 409.110 GC heap after
{Heap after GC invocations=6 (full 0):
 garbage-first heap   total 129024K, used 18344K [0x0000000080000000, 0x0000000100000000)
  region size 1024K, 2 young (2048K), 2 survivors (2048K)
 Metaspace       used 20819K, capacity 21242K, committed 21296K, reserved 536576K
  class space    used 2510K, capacity 2686K, committed 2688K, reserved 516096K
}
Event: 454.096 GC heap before
{Heap before GC invocations=7 (full 0):
 garbage-first heap   total 129024K, used 43944K [0x0000000080000000, 0x0000000100000000)
  region size 1024K, 27 young (27648K), 2 survivors (2048K)
 Metaspace       used 23471K, capacity 24067K, committed 24368K, reserved 538624K
  class space    used 2933K, capacity 3141K, committed 3200K, reserved 516096K
}
Event: 454.577 GC heap after
{Heap after GC invocations=8 (full 0):
 garbage-first heap   total 129024K, used 19162K [0x0000000080000000, 0x0000000100000000)
  region size 1024K, 3 young (3072K), 3 survivors (3072K)
 Metaspace       used 23471K, capacity 24067K, committed 24368K, reserved 538624K
  class space    used 2933K, capacity 3141K, committed 3200K, reserved 516096K
}
Event: 474.580 GC heap before
{Heap before GC invocations=8 (full 0):
 garbage-first heap   total 129024K, used 36570K [0x0000000080000000, 0x0000000100000000)
  region size 1024K, 20 young (20480K), 3 survivors (3072K)
 Metaspace       used 24534K, capacity 25146K, committed 25392K, reserved 538624K
  class space    used 3115K, capacity 3351K, committed 3456K, reserved 516096K
}
Event: 474.661 GC heap after
{Heap after GC invocations=9 (full 0):
 garbage-first heap   total 129024K, used 19885K [0x0000000080000000, 0x0000000100000000)
  region size 1024K, 3 young (3072K), 3 survivors (3072K)
 Metaspace       used 24534K, capacity 25146K, committed 25392K, reserved 538624K
  class space    used 3115K, capacity 3351K, committed 3456K, reserved 516096K
}
Event: 502.335 GC heap before
{Heap before GC invocations=9 (full 0):
 garbage-first heap   total 129024K, used 45485K [0x0000000080000000, 0x0000000100000000)
  region size 1024K, 28 young (28672K), 3 survivors (3072K)
 Metaspace       used 27363K, capacity 28020K, committed 28080K, reserved 540672K
  class space    used 3556K, capacity 3807K, committed 3840K, reserved 516096K
}
Event: 502.435 GC heap after
{Heap after GC invocations=10 (full 0):
 garbage-first heap   total 129024K, used 20902K [0x0000000080000000, 0x0000000100000000)
  region size 1024K, 3 young (3072K), 3 survivors (3072K)
 Metaspace       used 27363K, capacity 28020K, committed 28080K, reserved 540672K
  class space    used 3556K, capacity 3807K, committed 3840K, reserved 516096K
}

