# JRE version: Java(TM) SE Runtime Environment 18.9 (11.0.16.1+1) (build 11.0.16.1+1-LTS-1)
# Java VM: Java HotSpot(TM) 64-Bit Server VM 18.9 (11.0.16.1+1-LTS-1, mixed mode, tiered, compressed oops, g1 gc, windows-amd64)
Heap:
 garbage-first heap   total 179200K, used 23942K [0x0000000080000000, 0x0000000100000000)
  region size 1024K, 8 young (8192K), 1 survivors (1024K)
 Metaspace       used 22103K, capacity 22560K, committed 22832K, reserved 536576K
  class space    used 2706K, capacity 2889K, committed 2944K, reserved 516096K
GC Heap History (10 events):
Event: 1543.257 GC heap before
{Heap before GC invocations=12 (full 0):
 garbage-first heap   total 179200K, used 24663K [0x0000000080000000, 0x0000000100000000)
  region size 1024K, 8 young (8192K), 1 survivors (1024K)
 Metaspace       used 18181K, capacity 18601K, committed 18688K, reserved 532480K
  class space    used 2099K, capacity 2243K, committed 2304K, reserved 516096K
}
Event: 1543.779 GC heap after
{Heap after GC invocations=13 (full 0):
 garbage-first heap   total 179200K, used 17868K [0x0000000080000000, 0x0000000100000000)
  region size 1024K, 1 young (1024K), 1 survivors (1024K)
 Metaspace       used 18181K, capacity 18601K, committed 18688K, reserved 532480K
  class space    used 2099K, capacity 2243K, committed 2304K, reserved 516096K
}
Event: 1556.606 GC heap before
{Heap before GC invocations=13 (full 0):
 garbage-first heap   total 179200K, used 25036K [0x0000000080000000, 0x0000000100000000)
  region size 1024K, 8 young (8192K), 1 survivors (1024K)
 Metaspace       used 19388K, capacity 19777K, committed 19840K, reserved 534528K
  class space    used 2263K, capacity 2403K, committed 2432K, reserved 516096K
}
Event: 1556.692 GC heap after
{Heap after GC invocations=14 (full 0):
 garbage-first heap   total 179200K, used 18140K [0x0000000080000000, 0x0000000100000000)
  region size 1024K, 1 young (1024K), 1 survivors (1024K)
 Metaspace       used 19388K, capacity 19777K, committed 19840K, reserved 534528K
  class space    used 2263K, capacity 2403K, committed 2432K, reserved 516096K
}
Event: 1562.593 GC heap before
{Heap before GC invocations=14 (full 0):
 garbage-first heap   total 179200K, used 25308K [0x0000000080000000, 0x0000000100000000)
  region size 1024K, 8 young (8192K), 1 survivors (1024K)
 Metaspace       used 20294K, capacity 20762K, committed 20864K, reserved 534528K
  class space    used 2418K, capacity 2609K, committed 2688K, reserved 516096K
}
Event: 1562.614 GC heap after
{Heap after GC invocations=15 (full 0):
 garbage-first heap   total 179200K, used 18371K [0x0000000080000000, 0x0000000100000000)
  region size 1024K, 1 young (1024K), 1 survivors (1024K)
 Metaspace       used 20294K, capacity 20762K, committed 20864K, reserved 534528K
  class space    used 2418K, capacity 2609K, committed 2688K, reserved 516096K
}
Event: 1567.726 GC heap before
{Heap before GC invocations=15 (full 0):
 garbage-first heap   total 179200K, used 23491K [0x0000000080000000, 0x0000000100000000)
  region size 1024K, 7 young (7168K), 1 survivors (1024K)
 Metaspace       used 20822K, capacity 21238K, committed 21296K, reserved 536576K
  class space    used 2498K, capacity 2684K, committed 2688K, reserved 516096K
}
Event: 1567.769 GC heap after
{Heap after GC invocations=16 (full 0):
 garbage-first heap   total 179200K, used 18558K [0x0000000080000000, 0x0000000100000000)
  region size 1024K, 1 young (1024K), 1 survivors (1024K)
 Metaspace       used 20822K, capacity 21238K, committed 21296K, reserved 536576K
  class space    used 2498K, capacity 2684K, committed 2688K, reserved 516096K
}
Event: 1576.850 GC heap before
{Heap before GC invocations=17 (full 0):
 garbage-first heap   total 179200K, used 25726K [0x0000000080000000, 0x0000000100000000)
  region size 1024K, 8 young (8192K), 1 survivors (1024K)
 Metaspace       used 21748K, capacity 22260K, committed 22576K, reserved 536576K
  class space    used 2643K, capacity 2854K, committed 2944K, reserved 516096K
}
Event: 1576.879 GC heap after
{Heap after GC invocations=18 (full 0):
 garbage-first heap   total 179200K, used 18822K [0x0000000080000000, 0x0000000100000000)
  region size 1024K, 1 young (1024K), 1 survivors (1024K)
 Metaspace       used 21748K, capacity 22260K, committed 22576K, reserved 536576K
  class space    used 2643K, capacity 2854K, committed 2944K, reserved 516096K
}

