# JRE version: Java(TM) SE Runtime Environment 18.9 (11.0.16.1+1) (build 11.0.16.1+1-LTS-1)
# Java VM: Java HotSpot(TM) 64-Bit Server VM 18.9 (11.0.16.1+1-LTS-1, mixed mode, tiered, compressed oops, g1 gc, windows-amd64)
Heap:
 garbage-first heap   total 129024K, used 31837K [0x0000000080000000, 0x0000000100000000)
  region size 1024K, 14 young (14336K), 1 survivors (1024K)
 Metaspace       used 27486K, capacity 28191K, committed 28464K, reserved 540672K
  class space    used 3580K, capacity 3843K, committed 3968K, reserved 516096K
GC Heap History (10 events):
Event: 434.884 GC heap before
{Heap before GC invocations=9 (full 0):
 garbage-first heap   total 129024K, used 23907K [0x0000000080000000, 0x0000000100000000)
  region size 1024K, 6 young (6144K), 1 survivors (1024K)
 Metaspace       used 23247K, capacity 23840K, committed 24112K, reserved 538624K
  class space    used 2885K, capacity 3108K, committed 3200K, reserved 516096K
}
Event: 434.893 GC heap after
{Heap after GC invocations=10 (full 0):
 garbage-first heap   total 129024K, used 19092K [0x0000000080000000, 0x0000000100000000)
  region size 1024K, 1 young (1024K), 1 survivors (1024K)
 Metaspace       used 23247K, capacity 23840K, committed 24112K, reserved 538624K
  class space    used 2885K, capacity 3108K, committed 3200K, reserved 516096K
}
Event: 439.464 GC heap before
{Heap before GC invocations=10 (full 0):
 garbage-first heap   total 129024K, used 26260K [0x0000000080000000, 0x0000000100000000)
  region size 1024K, 8 young (8192K), 1 survivors (1024K)
 Metaspace       used 23599K, capacity 24162K, committed 24368K, reserved 538624K
  class space    used 2957K, capacity 3173K, committed 3200K, reserved 516096K
}
Event: 439.523 GC heap after
{Heap after GC invocations=11 (full 0):
 garbage-first heap   total 129024K, used 19236K [0x0000000080000000, 0x0000000100000000)
  region size 1024K, 1 young (1024K), 1 survivors (1024K)
 Metaspace       used 23599K, capacity 24162K, committed 24368K, reserved 538624K
  class space    used 2957K, capacity 3173K, committed 3200K, reserved 516096K
}
Event: 467.288 GC heap before
{Heap before GC invocations=11 (full 0):
 garbage-first heap   total 129024K, used 32548K [0x0000000080000000, 0x0000000100000000)
  region size 1024K, 14 young (14336K), 1 survivors (1024K)
 Metaspace       used 24483K, capacity 25145K, committed 25392K, reserved 538624K
  class space    used 3104K, capacity 3351K, committed 3456K, reserved 516096K
}
Event: 467.666 GC heap after
{Heap after GC invocations=12 (full 0):
 garbage-first heap   total 129024K, used 19851K [0x0000000080000000, 0x0000000100000000)
  region size 1024K, 2 young (2048K), 2 survivors (2048K)
 Metaspace       used 24483K, capacity 25145K, committed 25392K, reserved 538624K
  class space    used 3104K, capacity 3351K, committed 3456K, reserved 516096K
}
Event: 471.653 GC heap before
{Heap before GC invocations=12 (full 0):
 garbage-first heap   total 129024K, used 24971K [0x0000000080000000, 0x0000000100000000)
  region size 1024K, 8 young (8192K), 2 survivors (2048K)
 Metaspace       used 24907K, capacity 25542K, committed 25648K, reserved 538624K
  class space    used 3180K, capacity 3420K, committed 3456K, reserved 516096K
}
Event: 471.759 GC heap after
{Heap after GC invocations=13 (full 0):
 garbage-first heap   total 129024K, used 20014K [0x0000000080000000, 0x0000000100000000)
  region size 1024K, 1 young (1024K), 1 survivors (1024K)
 Metaspace       used 24907K, capacity 25542K, committed 25648K, reserved 538624K
  class space    used 3180K, capacity 3420K, committed 3456K, reserved 516096K
}
Event: 488.298 GC heap before
{Heap before GC invocations=13 (full 0):
 garbage-first heap   total 129024K, used 30254K [0x0000000080000000, 0x0000000100000000)
  region size 1024K, 12 young (12288K), 1 survivors (1024K)
 Metaspace       used 26235K, capacity 26855K, committed 27184K, reserved 540672K
  class space    used 3396K, capacity 3625K, committed 3712K, reserved 516096K
}
Event: 488.364 GC heap after
{Heap after GC invocations=14 (full 0):
 garbage-first heap   total 129024K, used 20573K [0x0000000080000000, 0x0000000100000000)
  region size 1024K, 1 young (1024K), 1 survivors (1024K)
 Metaspace       used 26235K, capacity 26855K, committed 27184K, reserved 540672K
  class space    used 3396K, capacity 3625K, committed 3712K, reserved 516096K
}

