# JRE version: Java(TM) SE Runtime Environment (17.0.10+11) (build 17.0.10+11-LTS-240)
# Java VM: Java HotSpot(TM) 64-Bit Server VM (17.0.10+11-LTS-240, mixed mode, sharing, tiered, compressed oops, compressed class ptrs, g1 gc, windows-amd64)
GC Precious Log:
 CPUs: 4 total, 4 available
 Memory: 8067M
 Large Page Support: Disabled
 NUMA Support: Disabled
 Compressed Oops: Enabled (32-bit)
 Heap Region Size: 1M
 Heap Min Capacity: 8M
 Heap Initial Capacity: 128M
 Heap Max Capacity: 2G
 Pre-touch: Disabled
 Parallel Workers: 4
 Concurrent Workers: 1
 Concurrent Refinement Workers: 4
 Periodic GC: Disabled
Heap:
 garbage-first heap   total 254976K, used 151105K [0x0000000080000000, 0x0000000100000000)
  region size 1024K, 5 young (5120K), 1 survivors (1024K)
 Metaspace       used 86092K, committed 87168K, reserved 557056K
  class space    used 11923K, committed 12416K, reserved 425984K
GC Heap History (20 events):
Event: 1303.119 GC heap before
{Heap before GC invocations=57 (full 0):
 garbage-first heap   total 168960K, used 134375K [0x0000000080000000, 0x0000000100000000)
  region size 1024K, 31 young (31744K), 4 survivors (4096K)
 Metaspace       used 83141K, committed 84096K, reserved 557056K
  class space    used 11531K, committed 11968K, reserved 425984K
}
Event: 1303.160 GC heap after
{Heap after GC invocations=58 (full 0):
 garbage-first heap   total 168960K, used 112979K [0x0000000080000000, 0x0000000100000000)
  region size 1024K, 4 young (4096K), 4 survivors (4096K)
 Metaspace       used 83141K, committed 84096K, reserved 557056K
  class space    used 11531K, committed 11968K, reserved 425984K
}
Event: 1311.350 GC heap before
{Heap before GC invocations=58 (full 0):
 garbage-first heap   total 168960K, used 142675K [0x0000000080000000, 0x0000000100000000)
  region size 1024K, 28 young (28672K), 4 survivors (4096K)
 Metaspace       used 83231K, committed 84160K, reserved 557056K
  class space    used 11533K, committed 11968K, reserved 425984K
}
Event: 1311.378 GC heap after
{Heap after GC invocations=59 (full 0):
 garbage-first heap   total 168960K, used 123314K [0x0000000080000000, 0x0000000100000000)
  region size 1024K, 4 young (4096K), 4 survivors (4096K)
 Metaspace       used 83231K, committed 84160K, reserved 557056K
  class space    used 11533K, committed 11968K, reserved 425984K
}
Event: 1318.134 GC heap before
{Heap before GC invocations=59 (full 0):
 garbage-first heap   total 168960K, used 141746K [0x0000000080000000, 0x0000000100000000)
  region size 1024K, 21 young (21504K), 4 survivors (4096K)
 Metaspace       used 84604K, committed 85568K, reserved 557056K
  class space    used 11710K, committed 12160K, reserved 425984K
}
Event: 1318.148 GC heap after
{Heap after GC invocations=60 (full 0):
 garbage-first heap   total 168960K, used 130539K [0x0000000080000000, 0x0000000100000000)
  region size 1024K, 3 young (3072K), 3 survivors (3072K)
 Metaspace       used 84604K, committed 85568K, reserved 557056K
  class space    used 11710K, committed 12160K, reserved 425984K
}
Event: 1320.734 GC heap before
{Heap before GC invocations=60 (full 0):
 garbage-first heap   total 168960K, used 142827K [0x0000000080000000, 0x0000000100000000)
  region size 1024K, 15 young (15360K), 3 survivors (3072K)
 Metaspace       used 85079K, committed 86144K, reserved 557056K
  class space    used 11798K, committed 12288K, reserved 425984K
}
Event: 1320.747 GC heap after
{Heap after GC invocations=61 (full 0):
 garbage-first heap   total 168960K, used 132100K [0x0000000080000000, 0x0000000100000000)
  region size 1024K, 2 young (2048K), 2 survivors (2048K)
 Metaspace       used 85079K, committed 86144K, reserved 557056K
  class space    used 11798K, committed 12288K, reserved 425984K
}
Event: 1322.336 GC heap before
{Heap before GC invocations=61 (full 0):
 garbage-first heap   total 168960K, used 142340K [0x0000000080000000, 0x0000000100000000)
  region size 1024K, 13 young (13312K), 2 survivors (2048K)
 Metaspace       used 85639K, committed 86656K, reserved 557056K
  class space    used 11874K, committed 12352K, reserved 425984K
}
Event: 1322.349 GC heap after
{Heap after GC invocations=62 (full 0):
 garbage-first heap   total 168960K, used 134035K [0x0000000080000000, 0x0000000100000000)
  region size 1024K, 2 young (2048K), 2 survivors (2048K)
 Metaspace       used 85639K, committed 86656K, reserved 557056K
  class space    used 11874K, committed 12352K, reserved 425984K
}
Event: 1327.268 GC heap before
{Heap before GC invocations=62 (full 0):
 garbage-first heap   total 168960K, used 145299K [0x0000000080000000, 0x0000000100000000)
  region size 1024K, 13 young (13312K), 2 survivors (2048K)
 Metaspace       used 85849K, committed 86912K, reserved 557056K
  class space    used 11897K, committed 12416K, reserved 425984K
}
Event: 1327.280 GC heap after
{Heap after GC invocations=63 (full 0):
 garbage-first heap   total 168960K, used 135976K [0x0000000080000000, 0x0000000100000000)
  region size 1024K, 2 young (2048K), 2 survivors (2048K)
 Metaspace       used 85849K, committed 86912K, reserved 557056K
  class space    used 11897K, committed 12416K, reserved 425984K
}
Event: 1334.977 GC heap before
{Heap before GC invocations=63 (full 0):
 garbage-first heap   total 168960K, used 147240K [0x0000000080000000, 0x0000000100000000)
  region size 1024K, 11 young (11264K), 2 survivors (2048K)
 Metaspace       used 85884K, committed 86912K, reserved 557056K
  class space    used 11902K, committed 12416K, reserved 425984K
}
Event: 1334.990 GC heap after
{Heap after GC invocations=64 (full 0):
 garbage-first heap   total 168960K, used 139085K [0x0000000080000000, 0x0000000100000000)
  region size 1024K, 2 young (2048K), 2 survivors (2048K)
 Metaspace       used 85884K, committed 86912K, reserved 557056K
  class space    used 11902K, committed 12416K, reserved 425984K
}
Event: 1337.110 GC heap before
{Heap before GC invocations=64 (full 0):
 garbage-first heap   total 168960K, used 146253K [0x0000000080000000, 0x0000000100000000)
  region size 1024K, 8 young (8192K), 2 survivors (2048K)
 Metaspace       used 85922K, committed 86976K, reserved 557056K
  class space    used 11905K, committed 12416K, reserved 425984K
}
Event: 1337.121 GC heap after
{Heap after GC invocations=65 (full 0):
 garbage-first heap   total 168960K, used 144843K [0x0000000080000000, 0x0000000100000000)
  region size 1024K, 1 young (1024K), 1 survivors (1024K)
 Metaspace       used 85922K, committed 86976K, reserved 557056K
  class space    used 11905K, committed 12416K, reserved 425984K
}
Event: 1351.705 GC heap before
{Heap before GC invocations=65 (full 0):
 garbage-first heap   total 168960K, used 152011K [0x0000000080000000, 0x0000000100000000)
  region size 1024K, 8 young (8192K), 1 survivors (1024K)
 Metaspace       used 86025K, committed 87040K, reserved 557056K
  class space    used 11918K, committed 12416K, reserved 425984K
}
Event: 1351.714 GC heap after
{Heap after GC invocations=66 (full 0):
 garbage-first heap   total 168960K, used 146558K [0x0000000080000000, 0x0000000100000000)
  region size 1024K, 1 young (1024K), 1 survivors (1024K)
 Metaspace       used 86025K, committed 87040K, reserved 557056K
  class space    used 11918K, committed 12416K, reserved 425984K
}
Event: 1362.055 GC heap before
{Heap before GC invocations=66 (full 0):
 garbage-first heap   total 168960K, used 153726K [0x0000000080000000, 0x0000000100000000)
  region size 1024K, 8 young (8192K), 1 survivors (1024K)
 Metaspace       used 86081K, committed 87168K, reserved 557056K
  class space    used 11923K, committed 12416K, reserved 425984K
}
Event: 1362.309 GC heap after
{Heap after GC invocations=67 (full 0):
 garbage-first heap   total 168960K, used 148033K [0x0000000080000000, 0x0000000100000000)
  region size 1024K, 1 young (1024K), 1 survivors (1024K)
 Metaspace       used 86081K, committed 87168K, reserved 557056K
  class space    used 11923K, committed 12416K, reserved 425984K
}

