# JRE version: OpenJDK Runtime Environment (11.0.2+9) (build 11.0.2+9)
# Java VM: OpenJDK 64-Bit Server VM (11.0.2+9, mixed mode, tiered, compressed oops, g1 gc, windows-amd64)
Heap:
 garbage-first heap   total 395264K, used 286864K [0x0000000080000000, 0x0000000100000000)
  region size 1024K, 7 young (7168K), 5 survivors (5120K)
 Metaspace       used 125696K, capacity 132227K, committed 132432K, reserved 630784K
  class space    used 16438K, capacity 18819K, committed 18944K, reserved 516096K
GC Heap History (10 events):
Event: 679.589 GC heap before
{Heap before GC invocations=138 (full 0):
 garbage-first heap   total 395264K, used 335963K [0x0000000080000000, 0x0000000100000000)
  region size 1024K, 58 young (59392K), 3 survivors (3072K)
 Metaspace       used 122152K, capacity 128451K, committed 128720K, reserved 626688K
  class space    used 15977K, capacity 18244K, committed 18304K, reserved 516096K
}
Event: 679.614 GC heap after
{Heap after GC invocations=139 (full 0):
 garbage-first heap   total 395264K, used 277156K [0x0000000080000000, 0x0000000100000000)
  region size 1024K, 7 young (7168K), 7 survivors (7168K)
 Metaspace       used 122152K, capacity 128451K, committed 128720K, reserved 626688K
  class space    used 15977K, capacity 18244K, committed 18304K, reserved 516096K
}
Event: 679.701 GC heap before
{Heap before GC invocations=139 (full 0):
 garbage-first heap   total 395264K, used 282276K [0x0000000080000000, 0x0000000100000000)
  region size 1024K, 14 young (14336K), 7 survivors (7168K)
 Metaspace       used 122152K, capacity 128451K, committed 128720K, reserved 626688K
  class space    used 15977K, capacity 18244K, committed 18304K, reserved 516096K
}
Event: 679.730 GC heap after
{Heap after GC invocations=140 (full 0):
 garbage-first heap   total 395264K, used 278112K [0x0000000080000000, 0x0000000100000000)
  region size 1024K, 1 young (1024K), 1 survivors (1024K)
 Metaspace       used 122152K, capacity 128451K, committed 128720K, reserved 626688K
  class space    used 15977K, capacity 18244K, committed 18304K, reserved 516096K
}
Event: 684.320 GC heap before
{Heap before GC invocations=141 (full 0):
 garbage-first heap   total 395264K, used 329312K [0x0000000080000000, 0x0000000100000000)
  region size 1024K, 48 young (49152K), 1 survivors (1024K)
 Metaspace       used 123176K, capacity 129602K, committed 129872K, reserved 628736K
  class space    used 16095K, capacity 18409K, committed 18432K, reserved 516096K
}
Event: 684.341 GC heap after
{Heap after GC invocations=142 (full 0):
 garbage-first heap   total 395264K, used 282452K [0x0000000080000000, 0x0000000100000000)
  region size 1024K, 6 young (6144K), 6 survivors (6144K)
 Metaspace       used 123176K, capacity 129602K, committed 129872K, reserved 628736K
  class space    used 16095K, capacity 18409K, committed 18432K, reserved 516096K
}
Event: 686.168 GC heap before
{Heap before GC invocations=142 (full 0):
 garbage-first heap   total 395264K, used 295764K [0x0000000080000000, 0x0000000100000000)
  region size 1024K, 19 young (19456K), 6 survivors (6144K)
 Metaspace       used 123619K, capacity 130028K, committed 130256K, reserved 628736K
  class space    used 16153K, capacity 18480K, committed 18560K, reserved 516096K
}
Event: 686.203 GC heap after
{Heap after GC invocations=143 (full 0):
 garbage-first heap   total 395264K, used 282466K [0x0000000080000000, 0x0000000100000000)
  region size 1024K, 1 young (1024K), 1 survivors (1024K)
 Metaspace       used 123619K, capacity 130028K, committed 130256K, reserved 628736K
  class space    used 16153K, capacity 18480K, committed 18560K, reserved 516096K
}
Event: 689.737 GC heap before
{Heap before GC invocations=143 (full 0):
 garbage-first heap   total 395264K, used 329570K [0x0000000080000000, 0x0000000100000000)
  region size 1024K, 47 young (48128K), 1 survivors (1024K)
 Metaspace       used 125582K, capacity 132067K, committed 132304K, reserved 630784K
  class space    used 16421K, capacity 18787K, committed 18816K, reserved 516096K
}
Event: 689.771 GC heap after
{Heap after GC invocations=144 (full 0):
 garbage-first heap   total 395264K, used 285840K [0x0000000080000000, 0x0000000100000000)
  region size 1024K, 5 young (5120K), 5 survivors (5120K)
 Metaspace       used 125582K, capacity 132067K, committed 132304K, reserved 630784K
  class space    used 16421K, capacity 18787K, committed 18816K, reserved 516096K
}

