# JRE version: Java(TM) SE Runtime Environment 18.9 (11.0.16.1+1) (build 11.0.16.1+1-LTS-1)
# Java VM: Java HotSpot(TM) 64-Bit Server VM 18.9 (11.0.16.1+1-LTS-1, mixed mode, tiered, compressed oops, g1 gc, windows-amd64)
Heap:
 garbage-first heap   total 157696K, used 22908K [0x0000000080000000, 0x0000000100000000)
  region size 1024K, 6 young (6144K), 1 survivors (1024K)
 Metaspace       used 21886K, capacity 22327K, committed 22576K, reserved 536576K
  class space    used 2670K, capacity 2855K, committed 2944K, reserved 516096K
GC Heap History (10 events):
Event: 1553.625 GC heap before
{Heap before GC invocations=12 (full 0):
 garbage-first heap   total 157696K, used 24014K [0x0000000080000000, 0x0000000100000000)
  region size 1024K, 7 young (7168K), 1 survivors (1024K)
 Metaspace       used 19007K, capacity 19395K, committed 19584K, reserved 534528K
  class space    used 2209K, capacity 2316K, committed 2432K, reserved 516096K
}
Event: 1553.658 GC heap after
{Heap after GC invocations=13 (full 0):
 garbage-first heap   total 157696K, used 17996K [0x0000000080000000, 0x0000000100000000)
  region size 1024K, 1 young (1024K), 1 survivors (1024K)
 Metaspace       used 19007K, capacity 19395K, committed 19584K, reserved 534528K
  class space    used 2209K, capacity 2316K, committed 2432K, reserved 516096K
}
Event: 1560.326 GC heap before
{Heap before GC invocations=13 (full 0):
 garbage-first heap   total 157696K, used 24140K [0x0000000080000000, 0x0000000100000000)
  region size 1024K, 7 young (7168K), 1 survivors (1024K)
 Metaspace       used 20014K, capacity 20504K, committed 20736K, reserved 534528K
  class space    used 2366K, capacity 2544K, committed 2560K, reserved 516096K
}
Event: 1560.462 GC heap after
{Heap after GC invocations=14 (full 0):
 garbage-first heap   total 157696K, used 18241K [0x0000000080000000, 0x0000000100000000)
  region size 1024K, 1 young (1024K), 1 survivors (1024K)
 Metaspace       used 20014K, capacity 20504K, committed 20736K, reserved 534528K
  class space    used 2366K, capacity 2544K, committed 2560K, reserved 516096K
}
Event: 1566.501 GC heap before
{Heap before GC invocations=14 (full 0):
 garbage-first heap   total 157696K, used 24385K [0x0000000080000000, 0x0000000100000000)
  region size 1024K, 7 young (7168K), 1 survivors (1024K)
 Metaspace       used 20390K, capacity 20890K, committed 21120K, reserved 534528K
  class space    used 2438K, capacity 2609K, committed 2688K, reserved 516096K
}
Event: 1566.512 GC heap after
{Heap after GC invocations=15 (full 0):
 garbage-first heap   total 157696K, used 18428K [0x0000000080000000, 0x0000000100000000)
  region size 1024K, 1 young (1024K), 1 survivors (1024K)
 Metaspace       used 20390K, capacity 20890K, committed 21120K, reserved 534528K
  class space    used 2438K, capacity 2609K, committed 2688K, reserved 516096K
}
Event: 1575.249 GC heap before
{Heap before GC invocations=15 (full 0):
 garbage-first heap   total 157696K, used 20476K [0x0000000080000000, 0x0000000100000000)
  region size 1024K, 5 young (5120K), 1 survivors (1024K)
 Metaspace       used 20806K, capacity 21238K, committed 21296K, reserved 536576K
  class space    used 2498K, capacity 2684K, committed 2688K, reserved 516096K
}
Event: 1575.284 GC heap after
{Heap after GC invocations=16 (full 0):
 garbage-first heap   total 157696K, used 18580K [0x0000000080000000, 0x0000000100000000)
  region size 1024K, 1 young (1024K), 1 survivors (1024K)
 Metaspace       used 20806K, capacity 21238K, committed 21296K, reserved 536576K
  class space    used 2498K, capacity 2684K, committed 2688K, reserved 516096K
}
Event: 1586.665 GC heap before
{Heap before GC invocations=17 (full 0):
 garbage-first heap   total 157696K, used 23700K [0x0000000080000000, 0x0000000100000000)
  region size 1024K, 7 young (7168K), 1 survivors (1024K)
 Metaspace       used 21640K, capacity 22135K, committed 22448K, reserved 536576K
  class space    used 2625K, capacity 2791K, committed 2816K, reserved 516096K
}
Event: 1587.090 GC heap after
{Heap after GC invocations=18 (full 0):
 garbage-first heap   total 157696K, used 18812K [0x0000000080000000, 0x0000000100000000)
  region size 1024K, 1 young (1024K), 1 survivors (1024K)
 Metaspace       used 21640K, capacity 22135K, committed 22448K, reserved 536576K
  class space    used 2625K, capacity 2791K, committed 2816K, reserved 516096K
}

