# JRE version: Java(TM) SE Runtime Environment (17.0.10+11) (build 17.0.10+11-LTS-240)
# Java VM: Java HotSpot(TM) 64-Bit Server VM (17.0.10+11-LTS-240, mixed mode, sharing, tiered, compressed oops, compressed class ptrs, g1 gc, windows-amd64)
GC Precious Log:
 CPUs: 4 total, 4 available
 Memory: 8067M
 Large Page Support: Disabled
 NUMA Support: Disabled
 Compressed Oops: Enabled (32-bit)
 Heap Region Size: 1M
 Heap Min Capacity: 8M
 Heap Initial Capacity: 128M
 Heap Max Capacity: 2G
 Pre-touch: Disabled
 Parallel Workers: 4
 Concurrent Workers: 1
 Concurrent Refinement Workers: 4
 Periodic GC: Disabled
Heap:
 garbage-first heap   total 311296K, used 221449K [0x0000000080000000, 0x0000000100000000)
  region size 1024K, 35 young (35840K), 2 survivors (2048K)
 Metaspace       used 90975K, committed 92352K, reserved 557056K
  class space    used 12568K, committed 13184K, reserved 425984K
GC Heap History (20 events):
Event: 1112.910 GC heap before
{Heap before GC invocations=67 (full 0):
 garbage-first heap   total 224256K, used 149395K [0x0000000080000000, 0x0000000100000000)
  region size 1024K, 10 young (10240K), 3 survivors (3072K)
 Metaspace       used 85468K, committed 86528K, reserved 557056K
  class space    used 11827K, committed 12288K, reserved 425984K
}
Event: 1112.930 GC heap after
{Heap after GC invocations=68 (full 0):
 garbage-first heap   total 224256K, used 143589K [0x0000000080000000, 0x0000000100000000)
  region size 1024K, 2 young (2048K), 2 survivors (2048K)
 Metaspace       used 85468K, committed 86528K, reserved 557056K
  class space    used 11827K, committed 12288K, reserved 425984K
}
Event: 1178.487 GC heap before
{Heap before GC invocations=68 (full 0):
 garbage-first heap   total 224256K, used 178405K [0x0000000080000000, 0x0000000100000000)
  region size 1024K, 35 young (35840K), 2 survivors (2048K)
 Metaspace       used 85626K, committed 86720K, reserved 557056K
  class space    used 11851K, committed 12352K, reserved 425984K
}
Event: 1178.549 GC heap after
{Heap after GC invocations=69 (full 0):
 garbage-first heap   total 224256K, used 150362K [0x0000000080000000, 0x0000000100000000)
  region size 1024K, 5 young (5120K), 5 survivors (5120K)
 Metaspace       used 85626K, committed 86720K, reserved 557056K
  class space    used 11851K, committed 12352K, reserved 425984K
}
Event: 1188.931 GC heap before
{Heap before GC invocations=69 (full 0):
 garbage-first heap   total 224256K, used 161626K [0x0000000080000000, 0x0000000100000000)
  region size 1024K, 18 young (18432K), 5 survivors (5120K)
 Metaspace       used 85689K, committed 86784K, reserved 557056K
  class space    used 11858K, committed 12352K, reserved 425984K
}
Event: 1188.992 GC heap after
{Heap after GC invocations=70 (full 0):
 garbage-first heap   total 224256K, used 150784K [0x0000000080000000, 0x0000000100000000)
  region size 1024K, 1 young (1024K), 1 survivors (1024K)
 Metaspace       used 85689K, committed 86784K, reserved 557056K
  class space    used 11858K, committed 12352K, reserved 425984K
}
Event: 1210.138 GC heap before
{Heap before GC invocations=71 (full 0):
 garbage-first heap   total 263168K, used 190720K [0x0000000080000000, 0x0000000100000000)
  region size 1024K, 33 young (33792K), 1 survivors (1024K)
 Metaspace       used 86043K, committed 87232K, reserved 557056K
  class space    used 11918K, committed 12416K, reserved 425984K
}
Event: 1210.169 GC heap after
{Heap after GC invocations=72 (full 0):
 garbage-first heap   total 263168K, used 163061K [0x0000000080000000, 0x0000000100000000)
  region size 1024K, 5 young (5120K), 5 survivors (5120K)
 Metaspace       used 86043K, committed 87232K, reserved 557056K
  class space    used 11918K, committed 12416K, reserved 425984K
}
Event: 1214.419 GC heap before
{Heap before GC invocations=72 (full 0):
 garbage-first heap   total 263168K, used 169205K [0x0000000080000000, 0x0000000100000000)
  region size 1024K, 12 young (12288K), 5 survivors (5120K)
 Metaspace       used 86988K, committed 88128K, reserved 557056K
  class space    used 12043K, committed 12544K, reserved 425984K
}
Event: 1214.458 GC heap after
{Heap after GC invocations=73 (full 0):
 garbage-first heap   total 263168K, used 162194K [0x0000000080000000, 0x0000000100000000)
  region size 1024K, 1 young (1024K), 1 survivors (1024K)
 Metaspace       used 86988K, committed 88128K, reserved 557056K
  class space    used 12043K, committed 12544K, reserved 425984K
}
Event: 1253.951 GC heap before
{Heap before GC invocations=73 (full 0):
 garbage-first heap   total 263168K, used 208274K [0x0000000080000000, 0x0000000100000000)
  region size 1024K, 46 young (47104K), 1 survivors (1024K)
 Metaspace       used 88080K, committed 89280K, reserved 557056K
  class space    used 12181K, committed 12672K, reserved 425984K
}
Event: 1254.003 GC heap after
{Heap after GC invocations=74 (full 0):
 garbage-first heap   total 263168K, used 170379K [0x0000000080000000, 0x0000000100000000)
  region size 1024K, 6 young (6144K), 6 survivors (6144K)
 Metaspace       used 88080K, committed 89280K, reserved 557056K
  class space    used 12181K, committed 12672K, reserved 425984K
}
Event: 1277.273 GC heap before
{Heap before GC invocations=74 (full 0):
 garbage-first heap   total 263168K, used 212363K [0x0000000080000000, 0x0000000100000000)
  region size 1024K, 47 young (48128K), 6 survivors (6144K)
 Metaspace       used 90258K, committed 91456K, reserved 557056K
  class space    used 12466K, committed 12992K, reserved 425984K
}
Event: 1277.426 GC heap after
{Heap after GC invocations=75 (full 0):
 garbage-first heap   total 263168K, used 177375K [0x0000000080000000, 0x0000000100000000)
  region size 1024K, 6 young (6144K), 6 survivors (6144K)
 Metaspace       used 90258K, committed 91456K, reserved 557056K
  class space    used 12466K, committed 12992K, reserved 425984K
}
Event: 1281.110 GC heap before
{Heap before GC invocations=75 (full 0):
 garbage-first heap   total 263168K, used 181471K [0x0000000080000000, 0x0000000100000000)
  region size 1024K, 11 young (11264K), 6 survivors (6144K)
 Metaspace       used 90396K, committed 91648K, reserved 557056K
  class space    used 12488K, committed 13056K, reserved 425984K
}
Event: 1281.192 GC heap after
{Heap after GC invocations=76 (full 0):
 garbage-first heap   total 263168K, used 177761K [0x0000000080000000, 0x0000000100000000)
  region size 1024K, 2 young (2048K), 2 survivors (2048K)
 Metaspace       used 90396K, committed 91648K, reserved 557056K
  class space    used 12488K, committed 13056K, reserved 425984K
}
Event: 1315.502 GC heap before
{Heap before GC invocations=77 (full 0):
 garbage-first heap   total 311296K, used 216673K [0x0000000080000000, 0x0000000100000000)
  region size 1024K, 37 young (37888K), 2 survivors (2048K)
 Metaspace       used 90624K, committed 91968K, reserved 557056K
  class space    used 12526K, committed 13120K, reserved 425984K
}
Event: 1315.534 GC heap after
{Heap after GC invocations=78 (full 0):
 garbage-first heap   total 311296K, used 188373K [0x0000000080000000, 0x0000000100000000)
  region size 1024K, 5 young (5120K), 5 survivors (5120K)
 Metaspace       used 90624K, committed 91968K, reserved 557056K
  class space    used 12526K, committed 13120K, reserved 425984K
}
Event: 1336.758 GC heap before
{Heap before GC invocations=78 (full 0):
 garbage-first heap   total 311296K, used 197589K [0x0000000080000000, 0x0000000100000000)
  region size 1024K, 15 young (15360K), 5 survivors (5120K)
 Metaspace       used 90636K, committed 91968K, reserved 557056K
  class space    used 12526K, committed 13120K, reserved 425984K
}
Event: 1336.851 GC heap after
{Heap after GC invocations=79 (full 0):
 garbage-first heap   total 311296K, used 188681K [0x0000000080000000, 0x0000000100000000)
  region size 1024K, 2 young (2048K), 2 survivors (2048K)
 Metaspace       used 90636K, committed 91968K, reserved 557056K
  class space    used 12526K, committed 13120K, reserved 425984K
}

