# JRE version: Java(TM) SE Runtime Environment 18.9 (11.0.16.1+1) (build 11.0.16.1+1-LTS-1)
# Java VM: Java HotSpot(TM) 64-Bit Server VM 18.9 (11.0.16.1+1-LTS-1, mixed mode, tiered, compressed oops, g1 gc, windows-amd64)
Heap:
 garbage-first heap   total 129024K, used 23143K [0x0000000080000000, 0x0000000100000000)
  region size 1024K, 6 young (6144K), 1 survivors (1024K)
 Metaspace       used 21794K, capacity 22262K, committed 22576K, reserved 536576K
  class space    used 2655K, capacity 2855K, committed 2944K, reserved 516096K
GC Heap History (10 events):
Event: 433.945 GC heap before
{Heap before GC invocations=10 (full 0):
 garbage-first heap   total 129024K, used 24231K [0x0000000080000000, 0x0000000100000000)
  region size 1024K, 7 young (7168K), 1 survivors (1024K)
 Metaspace       used 18917K, capacity 19264K, committed 19584K, reserved 534528K
  class space    used 2210K, capacity 2316K, committed 2432K, reserved 516096K
}
Event: 434.085 GC heap after
{Heap after GC invocations=11 (full 0):
 garbage-first heap   total 129024K, used 18272K [0x0000000080000000, 0x0000000100000000)
  region size 1024K, 1 young (1024K), 1 survivors (1024K)
 Metaspace       used 18917K, capacity 19264K, committed 19584K, reserved 534528K
  class space    used 2210K, capacity 2316K, committed 2432K, reserved 516096K
}
Event: 444.436 GC heap before
{Heap before GC invocations=11 (full 0):
 garbage-first heap   total 129024K, used 25440K [0x0000000080000000, 0x0000000100000000)
  region size 1024K, 8 young (8192K), 1 survivors (1024K)
 Metaspace       used 20024K, capacity 20501K, committed 20736K, reserved 534528K
  class space    used 2381K, capacity 2544K, committed 2560K, reserved 516096K
}
Event: 444.551 GC heap after
{Heap after GC invocations=12 (full 0):
 garbage-first heap   total 129024K, used 18522K [0x0000000080000000, 0x0000000100000000)
  region size 1024K, 1 young (1024K), 1 survivors (1024K)
 Metaspace       used 20024K, capacity 20501K, committed 20736K, reserved 534528K
  class space    used 2381K, capacity 2544K, committed 2560K, reserved 516096K
}
Event: 467.247 GC heap before
{Heap before GC invocations=12 (full 0):
 garbage-first heap   total 129024K, used 26714K [0x0000000080000000, 0x0000000100000000)
  region size 1024K, 9 young (9216K), 1 survivors (1024K)
 Metaspace       used 20540K, capacity 20992K, committed 21120K, reserved 534528K
  class space    used 2470K, capacity 2644K, committed 2688K, reserved 516096K
}
Event: 467.936 GC heap after
{Heap after GC invocations=13 (full 0):
 garbage-first heap   total 129024K, used 18760K [0x0000000080000000, 0x0000000100000000)
  region size 1024K, 1 young (1024K), 1 survivors (1024K)
 Metaspace       used 20540K, capacity 20992K, committed 21120K, reserved 534528K
  class space    used 2470K, capacity 2644K, committed 2688K, reserved 516096K
}
Event: 471.120 GC heap before
{Heap before GC invocations=13 (full 0):
 garbage-first heap   total 129024K, used 19784K [0x0000000080000000, 0x0000000100000000)
  region size 1024K, 3 young (3072K), 1 survivors (1024K)
 Metaspace       used 20782K, capacity 21237K, committed 21296K, reserved 536576K
  class space    used 2499K, capacity 2684K, committed 2688K, reserved 516096K
}
Event: 471.295 GC heap after
{Heap after GC invocations=14 (full 0):
 garbage-first heap   total 129024K, used 18819K [0x0000000080000000, 0x0000000100000000)
  region size 1024K, 1 young (1024K), 1 survivors (1024K)
 Metaspace       used 20782K, capacity 21237K, committed 21296K, reserved 536576K
  class space    used 2499K, capacity 2684K, committed 2688K, reserved 516096K
}
Event: 495.797 GC heap before
{Heap before GC invocations=15 (full 0):
 garbage-first heap   total 129024K, used 22915K [0x0000000080000000, 0x0000000100000000)
  region size 1024K, 6 young (6144K), 1 survivors (1024K)
 Metaspace       used 21340K, capacity 21831K, committed 22192K, reserved 536576K
  class space    used 2579K, capacity 2754K, committed 2816K, reserved 516096K
}
Event: 496.118 GC heap after
{Heap after GC invocations=16 (full 0):
 garbage-first heap   total 129024K, used 19047K [0x0000000080000000, 0x0000000100000000)
  region size 1024K, 1 young (1024K), 1 survivors (1024K)
 Metaspace       used 21340K, capacity 21831K, committed 22192K, reserved 536576K
  class space    used 2579K, capacity 2754K, committed 2816K, reserved 516096K
}

